#
# A fatal error has been detected by the Java Runtime Environment:
#
#  EXCEPTION_ACCESS_VIOLATION (0xc0000005) at pc=0x00007ff9a7953004, pid=26584, tid=27440
#
# JRE version: Java(TM) SE Runtime Environment (24.0.1+9) (build 24.0.1+9-30)
# Java VM: Java HotSpot(TM) 64-Bit Server VM (24.0.1+9-30, mixed mode, sharing, tiered, compressed oops, compressed class ptrs, g1 gc, windows-amd64)
# Problematic frame:
# C  [libasyncProfiler.dll+0x93004]
#
# No core dump will be written. Minidumps are not enabled by default on client versions of Windows
#
# JFR recording file will be written. Location: C:\Files\Cursos\CursoJava\Sistemas_Distribuidos\practica1_Threads\hs_err_pid26584.jfr
#
# If you would like to submit a bug report, please visit:
#   https://bugreport.java.com/bugreport/crash.jsp
# The crash happened outside the Java Virtual Machine in native code.
# See problematic frame for where to report the bug.
#

---------------  S U M M A R Y ------------

Command Line: -javaagent:C:\Program Files\JetBrains\IntelliJ IDEA 2024.3.5\lib\idea_rt.jar=39549 -Dfile.encoding=UTF-8 -Dsun.stdout.encoding=UTF-8 -Dsun.stderr.encoding=UTF-8 org.example.Main

Host: Intel(R) Core(TM) i9-14900HX, 32 cores, 15G,  Windows 11 , 64 bit Build 26100 (10.0.26100.5074)
Time: Thu Sep 11 08:59:43 2025 Hora estándar central (México) elapsed time: 6.247771 seconds (0d 0h 0m 6s)

---------------  T H R E A D  ---------------

Current thread (0x000001b16d4e1690):  JavaThread "Attach Listener" daemon [_thread_in_native, id=27440, stack(0x0000002257800000,0x0000002257900000) (1024K)]

Stack: [0x0000002257800000,0x0000002257900000],  sp=0x00000022578ff280,  free space=1020k
Native frames: (J=compiled Java code, j=interpreted, Vv=VM code, C=native code)
C  [libasyncProfiler.dll+0x93004]  (no source info available)
C  [libasyncProfiler.dll+0x934db]  (no source info available)
C  [libasyncProfiler.dll+0x92134]  (no source info available)
C  [libasyncProfiler.dll+0x929aa]  (no source info available)
C  [libasyncProfiler.dll+0x8d561]  (no source info available)
C  [libasyncProfiler.dll+0x7ef21]  (no source info available)
C  [libasyncProfiler.dll+0x7dc38]  (no source info available)
C  [libasyncProfiler.dll+0x7db20]  (no source info available)
C  [libasyncProfiler.dll+0x84af9]  (no source info available)
V  [jvm.dll+0x57eff7]  (no source info available)
V  [jvm.dll+0x57fdac]  (no source info available)
V  [jvm.dll+0x14ca17]  (no source info available)
V  [jvm.dll+0x14dfe1]  (no source info available)
V  [jvm.dll+0x42f456]  (no source info available)
V  [jvm.dll+0x87d76b]  (no source info available)
V  [jvm.dll+0x72ee55]  (no source info available)
C  [ucrtbase.dll+0x37b0]  (no source info available)
C  [KERNEL32.DLL+0x2e8d7]  (no source info available)
C  [ntdll.dll+0x8d9c]  (no source info available)


siginfo: EXCEPTION_ACCESS_VIOLATION (0xc0000005), reading address 0xffffffffffffffff


Registers:
RAX=0x0000000000000010, RBX=0x0000000000000000, RCX=0xffffffffffffffff, RDX=0x007ff9a3c9301010
RSP=0x00000022578ff280, RBP=0x000001b141692940, RSI=0x00000022578ff3f0, RDI=0x000001b141692940
R8 =0x0000000000000042, R9 =0x0000000715811f20, R10=0x00007ff9a3f09fb0, R11=0x0000000000000002
R12=0x00000022578ff3f0, R13=0x000001b141992790, R14=0x000001b16d4e1a58, R15=0x000001b16d4e1a58
RIP=0x00007ff9a7953004, EFLAGS=0x0000000000010202

XMM[0]=0x0000000000000000 0x0000000000000000
XMM[1]=0x0000000000000000 0x0000000000000000
XMM[2]=0x0000000000000000 0x0000000000000000
XMM[3]=0x0000000000000000 0x0000000000000000
XMM[4]=0x0000000000000000 0x0000000000000000
XMM[5]=0x0000000000000000 0x0000000000000000
XMM[6]=0x0000000000000000 0x0000000000000000
XMM[7]=0x0000000000000000 0x0000000000000000
XMM[8]=0x0000000000000000 0x0000000000000000
XMM[9]=0x0000000000000000 0x0000000000000000
XMM[10]=0x0000000000000000 0x0000000000000000
XMM[11]=0x0000000000000000 0x0000000000000000
XMM[12]=0x0000000000000000 0x0000000000000000
XMM[13]=0x0000000000000000 0x0000000000000000
XMM[14]=0x0000000000000000 0x0000000000000000
XMM[15]=0x0000000000000000 0x0000000000000000
  MXCSR=0x00001fa0


Register to memory mapping:

RAX=0x0000000000000010 is an unknown value
RBX=0x0 is null
RCX=0xffffffffffffffff is an unknown value
RDX=0x007ff9a3c9301010 is an unknown value
RSP=0x00000022578ff280 is pointing into the stack for thread: 0x000001b16d4e1690
RBP=0x000001b141692940 points into unknown readable memory: 0x0000000715811f20 | 20 1f 81 15 07 00 00 00
RSI=0x00000022578ff3f0 is pointing into the stack for thread: 0x000001b16d4e1690
RDI=0x000001b141692940 points into unknown readable memory: 0x0000000715811f20 | 20 1f 81 15 07 00 00 00
R8 =0x0000000000000042 is an unknown value
R9 =0x0000000715811f20 is an oop: java.lang.ref.Reference$ReferenceHandler 
{0x0000000715811f20} - klass: 'java/lang/ref/Reference$ReferenceHandler' - flags: 

 - ---- fields (total size 14 words):
 - 'threadLocalRandomProbe' 'I' @12  0 (0x00000000)
 - private volatile 'eetop' 'J' @16  1861554661264 (0x000001b16d4de790)
 - private final 'tid' 'J' @24  16 (0x0000000000000010)
 - 'threadLocalRandomSeed' 'J' @32  0 (0x0000000000000000)
 - injected 'jvmti_thread_state' 'J' @40  1860821762288 (0x000001b1419ec0f0)
 - 'threadLocalRandomSecondarySeed' 'I' @48  0 (0x00000000)
 - injected 'jvmti_VTMS_transition_disable_count' 'I' @52  0 (0x00000000)
 - injected 'jfr_epoch' 'S' @56  0 (0x0000)
 - volatile 'interrupted' 'Z' @58  false (0x00)
 - injected 'jvmti_is_in_VTMS_transition' 'Z' @59  false (0x00)
 - private volatile 'name' 'Ljava/lang/String;' @60  "Reference Handler"{0x00000007ffe0a568} (0xfffc14ad)
 - private volatile 'contextClassLoader' 'Ljava/lang/ClassLoader;' @64  null (0x00000000)
 - private final 'holder' 'Ljava/lang/Thread$FieldHolder;' @68  a 'java/lang/Thread$FieldHolder'{0x0000000715811fa0} (0xe2b023f4)
 - 'threadLocals' 'Ljava/lang/ThreadLocal$ThreadLocalMap;' @72  null (0x00000000)
 - 'inheritableThreadLocals' 'Ljava/lang/ThreadLocal$ThreadLocalMap;' @76  null (0x00000000)
 - private 'scopedValueBindings' 'Ljava/lang/Object;' @80  a 'java/lang/Class'{0x00000007ffe7c890} = 'java/lang/Thread' (0xfffcf912)
 - final 'interruptLock' 'Ljava/lang/Object;' @84  a 'java/lang/Object'{0x0000000715811f90} (0xe2b023f2)
 - private volatile 'parkBlocker' 'Ljava/lang/Object;' @88  null (0x00000000)
 - private 'nioBlocker' 'Lsun/nio/ch/Interruptible;' @92  null (0x00000000)
 - private 'cont' 'Ljdk/internal/vm/Continuation;' @96  null (0x00000000)
 - private volatile 'uncaughtExceptionHandler' 'Ljava/lang/Thread$UncaughtExceptionHandler;' @100  null (0x00000000)
 - private 'container' 'Ljdk/internal/vm/ThreadContainer;' @104  null (0x00000000)
 - private volatile 'headStackableScopes' 'Ljdk/internal/vm/StackableScope;' @108  null (0x00000000)
R10=0x00007ff9a3f09fb0 jvm.dll
R11=0x0000000000000002 is an unknown value
R12=0x00000022578ff3f0 is pointing into the stack for thread: 0x000001b16d4e1690
R13=0x000001b141992790 points into unknown readable memory: 0x00007ff9a3e7a510 | 10 a5 e7 a3 f9 7f 00 00
R14=0x000001b16d4e1a58 points into unknown readable memory: 0x00007ff9a3e717b0 | b0 17 e7 a3 f9 7f 00 00
R15=0x000001b16d4e1a58 points into unknown readable memory: 0x00007ff9a3e717b0 | b0 17 e7 a3 f9 7f 00 00

Top of Stack: (sp=0x00000022578ff280)
0x00000022578ff280:   00000022578ff3f0 000001b141692940   ...W"...@)iA....
0x00000022578ff290:   0000000000000000 000001b16d4e1de0   ..........Nm....
0x00000022578ff2a0:   0000000000000028 00007ff9a79534db   (........4......
0x00000022578ff2b0:   0000000000000000 000001b16d4e1a58   ........X.Nm....
0x00000022578ff2c0:   00000022578ff301 0000000000000000   ...W"...........
0x00000022578ff2d0:   000001b1417ca250 00007ff9a7952134   P.|A....4!......
0x00000022578ff2e0:   0000000000000000 0000000000000028   ........(.......
0x00000022578ff2f0:   0000000000000000 0000000000000028   ........(.......
0x00000022578ff300:   0000001100000003 000001b1412b21a0   .........!+A....
0x00000022578ff310:   000001b1417ca250 000001b1417ca2f0   P.|A......|A....
0x00000022578ff320:   000001b1417ca2f8 0000000000006f90   ..|A.....o......
0x00000022578ff330:   0000000000000000 0000000000000000   ................
0x00000022578ff340:   0000000000000000 00007ff9a36d57d4   .........Wm.....
0x00000022578ff350:   00007ff9a7aaae00 00000000000067d8   .........g......
0x00000022578ff360:   00007ff9a7aaae00 00000000ffffffff   ................
0x00000022578ff370:   0000000000000000 00007ff9a79529aa   .........)......
0x00000022578ff380:   000001b16d4e1a58 0000000000000000   X.Nm............
0x00000022578ff390:   00000022578ff3f9 000001b141992790   ...W"....'.A....
0x00000022578ff3a0:   0000000000000004 0000000000000048   ........H.......
0x00000022578ff3b0:   0000000800800310 0000000000000020   ........ .......
0x00000022578ff3c0:   000001b16d4e1a58 00007ff9a7aaae00   X.Nm............
0x00000022578ff3d0:   000001b16d4e2820 000001b1419ec0f0    (Nm.......A....
0x00000022578ff3e0:   0000000800800390 000001b16d4e1a58   ........X.Nm....
0x00000022578ff3f0:   000001b14890ea30 000001b14890ef30   0..H....0..H....
0x00000022578ff400:   000001b14890ef30 00007ff9a7aaae00   0..H............
0x00000022578ff410:   000001b141724a88 00000022578ff588   .JrA.......W"...
0x00000022578ff420:   00000022578ff6c0 0000000000008840   ...W"...@.......
0x00000022578ff430:   00000022578ff8a0 00007ff9a7aaae50   ...W"...P.......
0x00000022578ff440:   0000000000989680 0000000000989680   ................
0x00000022578ff450:   00000022578ff560 00007ff9a794d561   `..W"...a.......
0x00000022578ff460:   00007ff9a7aaae00 00007ff9a7aaae58   ........X.......
0x00000022578ff470:   00007ff900000000 00007ff900000001   ................

Instructions: (pc=0x00007ff9a7953004)
  0x00007ff9a7952f04:   cc cc cc cc cc cc cc cc cc cc cc cc cc cc cc cc
  0x00007ff9a7952f14:   cc cc cc cc cc cc cc cc cc cc cc cc cc cc cc cc
  0x00007ff9a7952f24:   cc cc cc cc cc cc cc cc cc cc cc cc cc cc cc cc
  0x00007ff9a7952f34:   cc cc cc cc cc cc cc cc cc cc cc cc cc cc cc cc
  0x00007ff9a7952f44:   cc cc cc cc cc cc cc cc cc cc cc cc cc cc cc cc
  0x00007ff9a7952f54:   cc cc cc cc cc cc cc cc cc cc cc cc cc cc cc cc
  0x00007ff9a7952f64:   cc cc cc cc cc cc cc cc cc cc cc cc cc cc cc cc
  0x00007ff9a7952f74:   cc cc cc cc cc cc cc cc cc cc cc cc cc cc cc cc
  0x00007ff9a7952f84:   cc cc cc cc cc cc cc cc cc cc cc cc 40 57 48 83
  0x00007ff9a7952f94:   ec 20 48 8b f9 48 8b 0d 30 80 15 00 48 85 c9 74
  0x00007ff9a7952fa4:   20 48 8b 01 48 8d 54 24 38 41 b8 06 00 01 00 4c
  0x00007ff9a7952fb4:   8b 48 30 41 ff d1 85 c0 75 07 48 8b 4c 24 38 eb
  0x00007ff9a7952fc4:   02 33 c9 4c 8b 05 0a 81 15 00 48 89 5c 24 30 4d
  0x00007ff9a7952fd4:   85 c0 74 4a 48 8b 01 48 8b d7 4c 8b 88 28 03 00
  0x00007ff9a7952fe4:   00 41 ff d1 48 85 c0 74 35 48 63 0d b8 3d 15 00
  0x00007ff9a7952ff4:   48 8b 14 01 48 85 d2 74 15 48 63 05 bc 3d 15 00
=>0x00007ff9a7953004:   8b 04 10 48 8b 5c 24 30 48 83 c4 20 5f c3 b8 ff
  0x00007ff9a7953014:   ff ff ff 48 8b 5c 24 30 48 83 c4 20 5f c3 80 3d
  0x00007ff9a7953024:   bb 7f 15 00 00 bb ff ff ff ff 74 20 4c 8b 0d 51
  0x00007ff9a7953034:   7c 15 00 4c 8d 44 24 38 48 8b 0d 35 7c 15 00 48
  0x00007ff9a7953044:   8b d7 41 ff d1 85 c0 0f 44 5c 24 38 8b c3 48 8b
  0x00007ff9a7953054:   5c 24 30 48 83 c4 20 5f c3 cc cc cc cc cc cc cc
  0x00007ff9a7953064:   cc cc cc cc cc cc cc cc cc cc cc cc cc cc cc cc
  0x00007ff9a7953074:   cc cc cc cc cc cc cc cc cc cc cc cc cc cc cc cc
  0x00007ff9a7953084:   cc cc cc cc cc cc cc cc cc cc cc cc 48 89 54 24
  0x00007ff9a7953094:   10 53 55 56 57 41 56 41 57 48 83 ec 28 48 8b f2
  0x00007ff9a79530a4:   4c 8b f1 48 89 4c 24 78 45 33 ff 44 89 7c 24 68
  0x00007ff9a79530b4:   c7 44 24 60 01 00 00 00 48 8d 4c 24 68 e8 69 3c
  0x00007ff9a79530c4:   f7 ff 8b d8 48 8d 4c 24 60 e8 5d 3c f7 ff 8b e8
  0x00007ff9a79530d4:   49 8b ce e8 33 f3 f6 ff 48 8b f8 90 8b c3 f0 0f
  0x00007ff9a79530e4:   b1 2f 74 04 f3 90 eb f4 4c 89 3e 4c 89 7e 08 4c
  0x00007ff9a79530f4:   89 7e 10 49 8b 6e 08 4d 8b 76 10 49 3b ee 0f 84


Stack slot to memory mapping:

stack at sp + 0 slots: 0x00000022578ff3f0 is pointing into the stack for thread: 0x000001b16d4e1690
stack at sp + 1 slots: 0x000001b141692940 points into unknown readable memory: 0x0000000715811f20 | 20 1f 81 15 07 00 00 00
stack at sp + 2 slots: 0x0 is null
stack at sp + 3 slots: 0x000001b16d4e1de0 points into unknown readable memory: 0x6e616c2e6176616a | 6a 61 76 61 2e 6c 61 6e
stack at sp + 4 slots: 0x0000000000000028 is an unknown value
stack at sp + 5 slots: 0x00007ff9a79534db libasyncProfiler.dll
stack at sp + 6 slots: 0x0 is null
stack at sp + 7 slots: 0x000001b16d4e1a58 points into unknown readable memory: 0x00007ff9a3e717b0 | b0 17 e7 a3 f9 7f 00 00

Lock stack of current Java thread (top to bottom):


---------------  P R O C E S S  ---------------

Threads class SMR info:
_java_thread_list=0x000001b148569e20, length=29, elements={
0x000001b16d4de790, 0x000001b16d4deed0, 0x000001b16d4e0cf0, 0x000001b16d4e1690,
0x000001b16d4e4e70, 0x000001b16d4e7520, 0x000001b16d4fb050, 0x000001b16d527b10,
0x000001b141334a90, 0x000001b141342240, 0x000001b141342980, 0x000001b141357250,
0x000001b14135d060, 0x000001b14135ebe0, 0x000001b141abd420, 0x000001b141ada460,
0x000001b141ad9d10, 0x000001b141adabb0, 0x000001b141ad7880, 0x000001b1419a5e90,
0x000001b1419a6db0, 0x000001b1419a7540, 0x000001b141ad7fd0, 0x000001b1419a7cd0,
0x000001b1419a8460, 0x000001b1419a4f70, 0x000001b1419aaa30, 0x000001b1419ab1c0,
0x000001b148565020
}

Java Threads: ( => current thread )
  0x000001b16d4de790 JavaThread "Reference Handler"          daemon [_thread_blocked, id=8756, stack(0x0000002257500000,0x0000002257600000) (1024K)]
  0x000001b16d4deed0 JavaThread "Finalizer"                  daemon [_thread_blocked, id=17692, stack(0x0000002257600000,0x0000002257700000) (1024K)]
  0x000001b16d4e0cf0 JavaThread "Signal Dispatcher"          daemon [_thread_blocked, id=12532, stack(0x0000002257700000,0x0000002257800000) (1024K)]
=>0x000001b16d4e1690 JavaThread "Attach Listener"            daemon [_thread_in_native, id=27440, stack(0x0000002257800000,0x0000002257900000) (1024K)]
  0x000001b16d4e4e70 JavaThread "Service Thread"             daemon [_thread_blocked, id=2700, stack(0x0000002257900000,0x0000002257a00000) (1024K)]
  0x000001b16d4e7520 JavaThread "Monitor Deflation Thread"   daemon [_thread_blocked, id=19788, stack(0x0000002257a00000,0x0000002257b00000) (1024K)]
  0x000001b16d4fb050 JavaThread "C2 CompilerThread0"         daemon [_thread_blocked, id=8000, stack(0x0000002257b00000,0x0000002257c00000) (1024K)]
  0x000001b16d527b10 JavaThread "C1 CompilerThread0"         daemon [_thread_blocked, id=9672, stack(0x0000002257c00000,0x0000002257d00000) (1024K)]
  0x000001b141334a90 JavaThread "Common-Cleaner"             daemon [_thread_blocked, id=704, stack(0x0000002258100000,0x0000002258200000) (1024K)]
  0x000001b141342240 JavaThread "Monitor Ctrl-Break"         daemon [_thread_in_native, id=28004, stack(0x0000002258200000,0x0000002258300000) (1024K)]
  0x000001b141342980 JavaThread "Notification Thread"        daemon [_thread_blocked, id=5056, stack(0x0000002258300000,0x0000002258400000) (1024K)]
  0x000001b141357250 JavaThread "Servidor-Trabajador-1"             [_thread_blocked, id=18300, stack(0x0000002258400000,0x0000002258500000) (1024K)]
  0x000001b14135d060 JavaThread "Servidor-Trabajador-2"             [_thread_blocked, id=18268, stack(0x0000002258500000,0x0000002258600000) (1024K)]
  0x000001b14135ebe0 JavaThread "Servidor-Trabajador-3"             [_thread_blocked, id=15548, stack(0x0000002258600000,0x0000002258700000) (1024K)]
  0x000001b141abd420 JavaThread "RMI TCP Accept-0"           daemon [_thread_in_native, id=16320, stack(0x0000002258f00000,0x0000002259000000) (1024K)]
  0x000001b141ada460 JavaThread "RMI TCP Connection(1)-10.100.93.109" daemon [_thread_in_native, id=18480, stack(0x0000002259000000,0x0000002259100000) (1024K)]
  0x000001b141ad9d10 JavaThread "RMI Scheduler(0)"           daemon [_thread_blocked, id=8800, stack(0x0000002259200000,0x0000002259300000) (1024K)]
  0x000001b141adabb0 JavaThread "JMX server connection timeout 52" daemon [_thread_blocked, id=19528, stack(0x0000002259300000,0x0000002259400000) (1024K)]
  0x000001b141ad7880 JavaThread "DestroyJavaVM"                     [_thread_blocked, id=23596, stack(0x0000002256d00000,0x0000002256e00000) (1024K)]
  0x000001b1419a5e90 JavaThread "C2 CompilerThread1"         daemon [_thread_blocked, id=7320, stack(0x0000002257d00000,0x0000002257e00000) (1024K)]
  0x000001b1419a6db0 JavaThread "C2 CompilerThread2"         daemon [_thread_blocked, id=16712, stack(0x0000002257e00000,0x0000002257f00000) (1024K)]
  0x000001b1419a7540 JavaThread "C1 CompilerThread1"         daemon [_thread_blocked, id=17852, stack(0x0000002257f00000,0x0000002258000000) (1024K)]
  0x000001b141ad7fd0 JavaThread "JFR Recorder Thread"        daemon [_thread_in_native, id=7340, stack(0x0000002258000000,0x0000002258100000) (1024K)]
  0x000001b1419a7cd0 JavaThread "C1 CompilerThread2"         daemon [_thread_blocked, id=7944, stack(0x0000002258700000,0x0000002258800000) (1024K)]
  0x000001b1419a8460 JavaThread "C1 CompilerThread3"         daemon [_thread_blocked, id=5908, stack(0x0000002258800000,0x0000002258900000) (1024K)]
  0x000001b1419a4f70 JavaThread "C1 CompilerThread4"         daemon [_thread_blocked, id=26656, stack(0x0000002258900000,0x0000002258a00000) (1024K)]
  0x000001b1419aaa30 JavaThread "C2 CompilerThread3"         daemon [_thread_blocked, id=26520, stack(0x0000002258a00000,0x0000002258b00000) (1024K)]
  0x000001b1419ab1c0 JavaThread "C2 CompilerThread4"         daemon [_thread_blocked, id=23244, stack(0x0000002258b00000,0x0000002258c00000) (1024K)]
  0x000001b148565020 JavaThread "JFR Periodic Tasks"         daemon [_thread_blocked, id=28560, stack(0x0000002258c00000,0x0000002258d00000) (1024K)]
Total: 29

Other Threads:
  0x000001b16d40a550 VMThread "VM Thread"                           [id=23380, stack(0x0000002257400000,0x0000002257500000) (1024K)]
  0x000001b16d414760 WatcherThread "VM Periodic Task Thread"        [id=6976, stack(0x0000002257300000,0x0000002257400000) (1024K)]
  0x000001b14b436790 WorkerThread "GC Thread#0"                     [id=28268, stack(0x0000002256e00000,0x0000002256f00000) (1024K)]
  0x000001b14b44b040 ConcurrentGCThread "G1 Main Marker"            [id=13452, stack(0x0000002256f00000,0x0000002257000000) (1024K)]
  0x000001b14b44c950 WorkerThread "G1 Conc#0"                       [id=12640, stack(0x0000002257000000,0x0000002257100000) (1024K)]
  0x000001b16d3fbed0 ConcurrentGCThread "G1 Refine#0"               [id=4140, stack(0x0000002257100000,0x0000002257200000) (1024K)]
  0x000001b16d3fe320 ConcurrentGCThread "G1 Service"                [id=22940, stack(0x0000002257200000,0x0000002257300000) (1024K)]
Total: 7

Threads with active compile tasks:
Total: 0

VM state: not at safepoint (normal execution)

VM Mutex/Monitor currently owned by a thread: None

Heap address: 0x0000000705e00000, size: 4002 MB, Compressed Oops mode: Zero based, Oop shift amount: 3

CDS archive(s) mapped at: [0x000001b100000000-0x000001b100d40000-0x000001b100d40000), size 13893632, SharedBaseAddress: 0x000001b100000000, ArchiveRelocationMode: 1.
Compressed class space mapped at: 0x000001b101000000-0x000001b141000000, reserved size: 1073741824
UseCompressedClassPointers 1, UseCompactObjectHeaders 0
Narrow klass pointer bits 32, Max shift 3
Narrow klass base: 0x000001b100000000, Narrow klass shift: 0
Encoding Range: [0x000001b100000000 - 0x000001b200000000), (4294967296 bytes)
Klass Range:    [0x000001b100000000 - 0x000001b141000000), (1090519040 bytes)
Klass ID Range:  [8 - 1090519033) (1090519025)

GC Precious Log:
 CardTable entry size: 512
 Card Set container configuration: InlinePtr #cards 4 size 8 Array Of Cards #cards 16 size 48 Howl #buckets 8 coarsen threshold 3686 Howl Bitmap #cards 512 size 80 coarsen threshold 460 Card regions per heap region 1 cards per card region 4096
 CPUs: 32 total, 32 available
 Memory: 16002M
 Large Page Support: Disabled
 NUMA Support: Disabled
 Compressed Oops: Enabled (Zero based)
 Heap Region Size: 2M
 Heap Min Capacity: 8M
 Heap Initial Capacity: 252M
 Heap Max Capacity: 4002M
 Pre-touch: Disabled
 Parallel Workers: 23
 Concurrent Workers: 6
 Concurrent Refinement Workers: 23
 Periodic GC: Disabled

Heap:
 garbage-first heap   total reserved 4098048K, committed 260096K, used 44148K [0x0000000705e00000, 0x0000000800000000)
  region size 2048K, 22 young (45056K), 0 survivors (0K)
 Metaspace       used 7955K, committed 8256K, reserved 1114112K
  class space    used 735K, committed 896K, reserved 1048576K

Heap Regions: E=young(eden), S=young(survivor), O=old, HS=humongous(starts), HC=humongous(continues), CS=collection set, F=free, TAMS=top-at-mark-start, PB=parsable bottom
|   0|0x0000000705e00000, 0x0000000705e00000, 0x0000000706000000|  0%| F|  |TAMS 0x0000000705e00000| PB 0x0000000705e00000| Untracked |  0
|   1|0x0000000706000000, 0x0000000706000000, 0x0000000706200000|  0%| F|  |TAMS 0x0000000706000000| PB 0x0000000706000000| Untracked |  0
|   2|0x0000000706200000, 0x0000000706200000, 0x0000000706400000|  0%| F|  |TAMS 0x0000000706200000| PB 0x0000000706200000| Untracked |  0
|   3|0x0000000706400000, 0x0000000706400000, 0x0000000706600000|  0%| F|  |TAMS 0x0000000706400000| PB 0x0000000706400000| Untracked |  0
|   4|0x0000000706600000, 0x0000000706600000, 0x0000000706800000|  0%| F|  |TAMS 0x0000000706600000| PB 0x0000000706600000| Untracked |  0
|   5|0x0000000706800000, 0x0000000706800000, 0x0000000706a00000|  0%| F|  |TAMS 0x0000000706800000| PB 0x0000000706800000| Untracked |  0
|   6|0x0000000706a00000, 0x0000000706a00000, 0x0000000706c00000|  0%| F|  |TAMS 0x0000000706a00000| PB 0x0000000706a00000| Untracked |  0
|   7|0x0000000706c00000, 0x0000000706c00000, 0x0000000706e00000|  0%| F|  |TAMS 0x0000000706c00000| PB 0x0000000706c00000| Untracked |  0
|   8|0x0000000706e00000, 0x0000000706e00000, 0x0000000707000000|  0%| F|  |TAMS 0x0000000706e00000| PB 0x0000000706e00000| Untracked |  0
|   9|0x0000000707000000, 0x0000000707000000, 0x0000000707200000|  0%| F|  |TAMS 0x0000000707000000| PB 0x0000000707000000| Untracked |  0
|  10|0x0000000707200000, 0x0000000707200000, 0x0000000707400000|  0%| F|  |TAMS 0x0000000707200000| PB 0x0000000707200000| Untracked |  0
|  11|0x0000000707400000, 0x0000000707400000, 0x0000000707600000|  0%| F|  |TAMS 0x0000000707400000| PB 0x0000000707400000| Untracked |  0
|  12|0x0000000707600000, 0x0000000707600000, 0x0000000707800000|  0%| F|  |TAMS 0x0000000707600000| PB 0x0000000707600000| Untracked |  0
|  13|0x0000000707800000, 0x0000000707800000, 0x0000000707a00000|  0%| F|  |TAMS 0x0000000707800000| PB 0x0000000707800000| Untracked |  0
|  14|0x0000000707a00000, 0x0000000707a00000, 0x0000000707c00000|  0%| F|  |TAMS 0x0000000707a00000| PB 0x0000000707a00000| Untracked |  0
|  15|0x0000000707c00000, 0x0000000707c00000, 0x0000000707e00000|  0%| F|  |TAMS 0x0000000707c00000| PB 0x0000000707c00000| Untracked |  0
|  16|0x0000000707e00000, 0x0000000707e00000, 0x0000000708000000|  0%| F|  |TAMS 0x0000000707e00000| PB 0x0000000707e00000| Untracked |  0
|  17|0x0000000708000000, 0x0000000708000000, 0x0000000708200000|  0%| F|  |TAMS 0x0000000708000000| PB 0x0000000708000000| Untracked |  0
|  18|0x0000000708200000, 0x0000000708200000, 0x0000000708400000|  0%| F|  |TAMS 0x0000000708200000| PB 0x0000000708200000| Untracked |  0
|  19|0x0000000708400000, 0x0000000708400000, 0x0000000708600000|  0%| F|  |TAMS 0x0000000708400000| PB 0x0000000708400000| Untracked |  0
|  20|0x0000000708600000, 0x0000000708600000, 0x0000000708800000|  0%| F|  |TAMS 0x0000000708600000| PB 0x0000000708600000| Untracked |  0
|  21|0x0000000708800000, 0x0000000708800000, 0x0000000708a00000|  0%| F|  |TAMS 0x0000000708800000| PB 0x0000000708800000| Untracked |  0
|  22|0x0000000708a00000, 0x0000000708a00000, 0x0000000708c00000|  0%| F|  |TAMS 0x0000000708a00000| PB 0x0000000708a00000| Untracked |  0
|  23|0x0000000708c00000, 0x0000000708c00000, 0x0000000708e00000|  0%| F|  |TAMS 0x0000000708c00000| PB 0x0000000708c00000| Untracked |  0
|  24|0x0000000708e00000, 0x0000000708e00000, 0x0000000709000000|  0%| F|  |TAMS 0x0000000708e00000| PB 0x0000000708e00000| Untracked |  0
|  25|0x0000000709000000, 0x0000000709000000, 0x0000000709200000|  0%| F|  |TAMS 0x0000000709000000| PB 0x0000000709000000| Untracked |  0
|  26|0x0000000709200000, 0x0000000709200000, 0x0000000709400000|  0%| F|  |TAMS 0x0000000709200000| PB 0x0000000709200000| Untracked |  0
|  27|0x0000000709400000, 0x0000000709400000, 0x0000000709600000|  0%| F|  |TAMS 0x0000000709400000| PB 0x0000000709400000| Untracked |  0
|  28|0x0000000709600000, 0x0000000709600000, 0x0000000709800000|  0%| F|  |TAMS 0x0000000709600000| PB 0x0000000709600000| Untracked |  0
|  29|0x0000000709800000, 0x0000000709800000, 0x0000000709a00000|  0%| F|  |TAMS 0x0000000709800000| PB 0x0000000709800000| Untracked |  0
|  30|0x0000000709a00000, 0x0000000709a00000, 0x0000000709c00000|  0%| F|  |TAMS 0x0000000709a00000| PB 0x0000000709a00000| Untracked |  0
|  31|0x0000000709c00000, 0x0000000709c00000, 0x0000000709e00000|  0%| F|  |TAMS 0x0000000709c00000| PB 0x0000000709c00000| Untracked |  0
|  32|0x0000000709e00000, 0x0000000709e00000, 0x000000070a000000|  0%| F|  |TAMS 0x0000000709e00000| PB 0x0000000709e00000| Untracked |  0
|  33|0x000000070a000000, 0x000000070a000000, 0x000000070a200000|  0%| F|  |TAMS 0x000000070a000000| PB 0x000000070a000000| Untracked |  0
|  34|0x000000070a200000, 0x000000070a200000, 0x000000070a400000|  0%| F|  |TAMS 0x000000070a200000| PB 0x000000070a200000| Untracked |  0
|  35|0x000000070a400000, 0x000000070a400000, 0x000000070a600000|  0%| F|  |TAMS 0x000000070a400000| PB 0x000000070a400000| Untracked |  0
|  36|0x000000070a600000, 0x000000070a600000, 0x000000070a800000|  0%| F|  |TAMS 0x000000070a600000| PB 0x000000070a600000| Untracked |  0
|  37|0x000000070a800000, 0x000000070a800000, 0x000000070aa00000|  0%| F|  |TAMS 0x000000070a800000| PB 0x000000070a800000| Untracked |  0
|  38|0x000000070aa00000, 0x000000070aa00000, 0x000000070ac00000|  0%| F|  |TAMS 0x000000070aa00000| PB 0x000000070aa00000| Untracked |  0
|  39|0x000000070ac00000, 0x000000070ac00000, 0x000000070ae00000|  0%| F|  |TAMS 0x000000070ac00000| PB 0x000000070ac00000| Untracked |  0
|  40|0x000000070ae00000, 0x000000070ae00000, 0x000000070b000000|  0%| F|  |TAMS 0x000000070ae00000| PB 0x000000070ae00000| Untracked |  0
|  41|0x000000070b000000, 0x000000070b000000, 0x000000070b200000|  0%| F|  |TAMS 0x000000070b000000| PB 0x000000070b000000| Untracked |  0
|  42|0x000000070b200000, 0x000000070b200000, 0x000000070b400000|  0%| F|  |TAMS 0x000000070b200000| PB 0x000000070b200000| Untracked |  0
|  43|0x000000070b400000, 0x000000070b400000, 0x000000070b600000|  0%| F|  |TAMS 0x000000070b400000| PB 0x000000070b400000| Untracked |  0
|  44|0x000000070b600000, 0x000000070b600000, 0x000000070b800000|  0%| F|  |TAMS 0x000000070b600000| PB 0x000000070b600000| Untracked |  0
|  45|0x000000070b800000, 0x000000070b800000, 0x000000070ba00000|  0%| F|  |TAMS 0x000000070b800000| PB 0x000000070b800000| Untracked |  0
|  46|0x000000070ba00000, 0x000000070ba00000, 0x000000070bc00000|  0%| F|  |TAMS 0x000000070ba00000| PB 0x000000070ba00000| Untracked |  0
|  47|0x000000070bc00000, 0x000000070bc00000, 0x000000070be00000|  0%| F|  |TAMS 0x000000070bc00000| PB 0x000000070bc00000| Untracked |  0
|  48|0x000000070be00000, 0x000000070be00000, 0x000000070c000000|  0%| F|  |TAMS 0x000000070be00000| PB 0x000000070be00000| Untracked |  0
|  49|0x000000070c000000, 0x000000070c000000, 0x000000070c200000|  0%| F|  |TAMS 0x000000070c000000| PB 0x000000070c000000| Untracked |  0
|  50|0x000000070c200000, 0x000000070c200000, 0x000000070c400000|  0%| F|  |TAMS 0x000000070c200000| PB 0x000000070c200000| Untracked |  0
|  51|0x000000070c400000, 0x000000070c400000, 0x000000070c600000|  0%| F|  |TAMS 0x000000070c400000| PB 0x000000070c400000| Untracked |  0
|  52|0x000000070c600000, 0x000000070c600000, 0x000000070c800000|  0%| F|  |TAMS 0x000000070c600000| PB 0x000000070c600000| Untracked |  0
|  53|0x000000070c800000, 0x000000070c800000, 0x000000070ca00000|  0%| F|  |TAMS 0x000000070c800000| PB 0x000000070c800000| Untracked |  0
|  54|0x000000070ca00000, 0x000000070ca00000, 0x000000070cc00000|  0%| F|  |TAMS 0x000000070ca00000| PB 0x000000070ca00000| Untracked |  0
|  55|0x000000070cc00000, 0x000000070cc00000, 0x000000070ce00000|  0%| F|  |TAMS 0x000000070cc00000| PB 0x000000070cc00000| Untracked |  0
|  56|0x000000070ce00000, 0x000000070ce00000, 0x000000070d000000|  0%| F|  |TAMS 0x000000070ce00000| PB 0x000000070ce00000| Untracked |  0
|  57|0x000000070d000000, 0x000000070d000000, 0x000000070d200000|  0%| F|  |TAMS 0x000000070d000000| PB 0x000000070d000000| Untracked |  0
|  58|0x000000070d200000, 0x000000070d200000, 0x000000070d400000|  0%| F|  |TAMS 0x000000070d200000| PB 0x000000070d200000| Untracked |  0
|  59|0x000000070d400000, 0x000000070d400000, 0x000000070d600000|  0%| F|  |TAMS 0x000000070d400000| PB 0x000000070d400000| Untracked |  0
|  60|0x000000070d600000, 0x000000070d600000, 0x000000070d800000|  0%| F|  |TAMS 0x000000070d600000| PB 0x000000070d600000| Untracked |  0
|  61|0x000000070d800000, 0x000000070d800000, 0x000000070da00000|  0%| F|  |TAMS 0x000000070d800000| PB 0x000000070d800000| Untracked |  0
|  62|0x000000070da00000, 0x000000070da00000, 0x000000070dc00000|  0%| F|  |TAMS 0x000000070da00000| PB 0x000000070da00000| Untracked |  0
|  63|0x000000070dc00000, 0x000000070dc00000, 0x000000070de00000|  0%| F|  |TAMS 0x000000070dc00000| PB 0x000000070dc00000| Untracked |  0
|  64|0x000000070de00000, 0x000000070de00000, 0x000000070e000000|  0%| F|  |TAMS 0x000000070de00000| PB 0x000000070de00000| Untracked |  0
|  65|0x000000070e000000, 0x000000070e000000, 0x000000070e200000|  0%| F|  |TAMS 0x000000070e000000| PB 0x000000070e000000| Untracked |  0
|  66|0x000000070e200000, 0x000000070e200000, 0x000000070e400000|  0%| F|  |TAMS 0x000000070e200000| PB 0x000000070e200000| Untracked |  0
|  67|0x000000070e400000, 0x000000070e400000, 0x000000070e600000|  0%| F|  |TAMS 0x000000070e400000| PB 0x000000070e400000| Untracked |  0
|  68|0x000000070e600000, 0x000000070e600000, 0x000000070e800000|  0%| F|  |TAMS 0x000000070e600000| PB 0x000000070e600000| Untracked |  0
|  69|0x000000070e800000, 0x000000070e800000, 0x000000070ea00000|  0%| F|  |TAMS 0x000000070e800000| PB 0x000000070e800000| Untracked |  0
|  70|0x000000070ea00000, 0x000000070ea00000, 0x000000070ec00000|  0%| F|  |TAMS 0x000000070ea00000| PB 0x000000070ea00000| Untracked |  0
|  71|0x000000070ec00000, 0x000000070ec00000, 0x000000070ee00000|  0%| F|  |TAMS 0x000000070ec00000| PB 0x000000070ec00000| Untracked |  0
|  72|0x000000070ee00000, 0x000000070ee00000, 0x000000070f000000|  0%| F|  |TAMS 0x000000070ee00000| PB 0x000000070ee00000| Untracked |  0
|  73|0x000000070f000000, 0x000000070f000000, 0x000000070f200000|  0%| F|  |TAMS 0x000000070f000000| PB 0x000000070f000000| Untracked |  0
|  74|0x000000070f200000, 0x000000070f200000, 0x000000070f400000|  0%| F|  |TAMS 0x000000070f200000| PB 0x000000070f200000| Untracked |  0
|  75|0x000000070f400000, 0x000000070f400000, 0x000000070f600000|  0%| F|  |TAMS 0x000000070f400000| PB 0x000000070f400000| Untracked |  0
|  76|0x000000070f600000, 0x000000070f600000, 0x000000070f800000|  0%| F|  |TAMS 0x000000070f600000| PB 0x000000070f600000| Untracked |  0
|  77|0x000000070f800000, 0x000000070f800000, 0x000000070fa00000|  0%| F|  |TAMS 0x000000070f800000| PB 0x000000070f800000| Untracked |  0
|  78|0x000000070fa00000, 0x000000070fa00000, 0x000000070fc00000|  0%| F|  |TAMS 0x000000070fa00000| PB 0x000000070fa00000| Untracked |  0
|  79|0x000000070fc00000, 0x000000070fc00000, 0x000000070fe00000|  0%| F|  |TAMS 0x000000070fc00000| PB 0x000000070fc00000| Untracked |  0
|  80|0x000000070fe00000, 0x000000070fe00000, 0x0000000710000000|  0%| F|  |TAMS 0x000000070fe00000| PB 0x000000070fe00000| Untracked |  0
|  81|0x0000000710000000, 0x0000000710000000, 0x0000000710200000|  0%| F|  |TAMS 0x0000000710000000| PB 0x0000000710000000| Untracked |  0
|  82|0x0000000710200000, 0x0000000710200000, 0x0000000710400000|  0%| F|  |TAMS 0x0000000710200000| PB 0x0000000710200000| Untracked |  0
|  83|0x0000000710400000, 0x0000000710400000, 0x0000000710600000|  0%| F|  |TAMS 0x0000000710400000| PB 0x0000000710400000| Untracked |  0
|  84|0x0000000710600000, 0x0000000710600000, 0x0000000710800000|  0%| F|  |TAMS 0x0000000710600000| PB 0x0000000710600000| Untracked |  0
|  85|0x0000000710800000, 0x0000000710800000, 0x0000000710a00000|  0%| F|  |TAMS 0x0000000710800000| PB 0x0000000710800000| Untracked |  0
|  86|0x0000000710a00000, 0x0000000710a00000, 0x0000000710c00000|  0%| F|  |TAMS 0x0000000710a00000| PB 0x0000000710a00000| Untracked |  0
|  87|0x0000000710c00000, 0x0000000710c00000, 0x0000000710e00000|  0%| F|  |TAMS 0x0000000710c00000| PB 0x0000000710c00000| Untracked |  0
|  88|0x0000000710e00000, 0x0000000710e00000, 0x0000000711000000|  0%| F|  |TAMS 0x0000000710e00000| PB 0x0000000710e00000| Untracked |  0
|  89|0x0000000711000000, 0x0000000711000000, 0x0000000711200000|  0%| F|  |TAMS 0x0000000711000000| PB 0x0000000711000000| Untracked |  0
|  90|0x0000000711200000, 0x0000000711200000, 0x0000000711400000|  0%| F|  |TAMS 0x0000000711200000| PB 0x0000000711200000| Untracked |  0
|  91|0x0000000711400000, 0x0000000711400000, 0x0000000711600000|  0%| F|  |TAMS 0x0000000711400000| PB 0x0000000711400000| Untracked |  0
|  92|0x0000000711600000, 0x0000000711600000, 0x0000000711800000|  0%| F|  |TAMS 0x0000000711600000| PB 0x0000000711600000| Untracked |  0
|  93|0x0000000711800000, 0x0000000711800000, 0x0000000711a00000|  0%| F|  |TAMS 0x0000000711800000| PB 0x0000000711800000| Untracked |  0
|  94|0x0000000711a00000, 0x0000000711a00000, 0x0000000711c00000|  0%| F|  |TAMS 0x0000000711a00000| PB 0x0000000711a00000| Untracked |  0
|  95|0x0000000711c00000, 0x0000000711c00000, 0x0000000711e00000|  0%| F|  |TAMS 0x0000000711c00000| PB 0x0000000711c00000| Untracked |  0
|  96|0x0000000711e00000, 0x0000000711e00000, 0x0000000712000000|  0%| F|  |TAMS 0x0000000711e00000| PB 0x0000000711e00000| Untracked |  0
|  97|0x0000000712000000, 0x0000000712000000, 0x0000000712200000|  0%| F|  |TAMS 0x0000000712000000| PB 0x0000000712000000| Untracked |  0
|  98|0x0000000712200000, 0x0000000712200000, 0x0000000712400000|  0%| F|  |TAMS 0x0000000712200000| PB 0x0000000712200000| Untracked |  0
|  99|0x0000000712400000, 0x0000000712400000, 0x0000000712600000|  0%| F|  |TAMS 0x0000000712400000| PB 0x0000000712400000| Untracked |  0
| 100|0x0000000712600000, 0x0000000712600000, 0x0000000712800000|  0%| F|  |TAMS 0x0000000712600000| PB 0x0000000712600000| Untracked |  0
| 101|0x0000000712800000, 0x0000000712800000, 0x0000000712a00000|  0%| F|  |TAMS 0x0000000712800000| PB 0x0000000712800000| Untracked |  0
| 102|0x0000000712a00000, 0x0000000712a00000, 0x0000000712c00000|  0%| F|  |TAMS 0x0000000712a00000| PB 0x0000000712a00000| Untracked |  0
| 103|0x0000000712c00000, 0x0000000712c00000, 0x0000000712e00000|  0%| F|  |TAMS 0x0000000712c00000| PB 0x0000000712c00000| Untracked |  0
| 104|0x0000000712e00000, 0x0000000712ef5c48, 0x0000000713000000| 48%| E|  |TAMS 0x0000000712e00000| PB 0x0000000712e00000| Complete |  0
| 105|0x0000000713000000, 0x0000000713200000, 0x0000000713200000|100%| E|CS|TAMS 0x0000000713000000| PB 0x0000000713000000| Complete |  0
| 106|0x0000000713200000, 0x0000000713400000, 0x0000000713400000|100%| E|CS|TAMS 0x0000000713200000| PB 0x0000000713200000| Complete |  0
| 107|0x0000000713400000, 0x0000000713600000, 0x0000000713600000|100%| E|CS|TAMS 0x0000000713400000| PB 0x0000000713400000| Complete |  0
| 108|0x0000000713600000, 0x0000000713800000, 0x0000000713800000|100%| E|CS|TAMS 0x0000000713600000| PB 0x0000000713600000| Complete |  0
| 109|0x0000000713800000, 0x0000000713a00000, 0x0000000713a00000|100%| E|CS|TAMS 0x0000000713800000| PB 0x0000000713800000| Complete |  0
| 110|0x0000000713a00000, 0x0000000713c00000, 0x0000000713c00000|100%| E|CS|TAMS 0x0000000713a00000| PB 0x0000000713a00000| Complete |  0
| 111|0x0000000713c00000, 0x0000000713e00000, 0x0000000713e00000|100%| E|CS|TAMS 0x0000000713c00000| PB 0x0000000713c00000| Complete |  0
| 112|0x0000000713e00000, 0x0000000714000000, 0x0000000714000000|100%| E|CS|TAMS 0x0000000713e00000| PB 0x0000000713e00000| Complete |  0
| 113|0x0000000714000000, 0x0000000714200000, 0x0000000714200000|100%| E|CS|TAMS 0x0000000714000000| PB 0x0000000714000000| Complete |  0
| 114|0x0000000714200000, 0x0000000714400000, 0x0000000714400000|100%| E|CS|TAMS 0x0000000714200000| PB 0x0000000714200000| Complete |  0
| 115|0x0000000714400000, 0x0000000714600000, 0x0000000714600000|100%| E|CS|TAMS 0x0000000714400000| PB 0x0000000714400000| Complete |  0
| 116|0x0000000714600000, 0x0000000714800000, 0x0000000714800000|100%| E|CS|TAMS 0x0000000714600000| PB 0x0000000714600000| Complete |  0
| 117|0x0000000714800000, 0x0000000714a00000, 0x0000000714a00000|100%| E|CS|TAMS 0x0000000714800000| PB 0x0000000714800000| Complete |  0
| 118|0x0000000714a00000, 0x0000000714c00000, 0x0000000714c00000|100%| E|CS|TAMS 0x0000000714a00000| PB 0x0000000714a00000| Complete |  0
| 119|0x0000000714c00000, 0x0000000714e00000, 0x0000000714e00000|100%| E|CS|TAMS 0x0000000714c00000| PB 0x0000000714c00000| Complete |  0
| 120|0x0000000714e00000, 0x0000000715000000, 0x0000000715000000|100%| E|CS|TAMS 0x0000000714e00000| PB 0x0000000714e00000| Complete |  0
| 121|0x0000000715000000, 0x0000000715200000, 0x0000000715200000|100%| E|CS|TAMS 0x0000000715000000| PB 0x0000000715000000| Complete |  0
| 122|0x0000000715200000, 0x0000000715400000, 0x0000000715400000|100%| E|CS|TAMS 0x0000000715200000| PB 0x0000000715200000| Complete |  0
| 123|0x0000000715400000, 0x0000000715600000, 0x0000000715600000|100%| E|CS|TAMS 0x0000000715400000| PB 0x0000000715400000| Complete |  0
| 124|0x0000000715600000, 0x0000000715800000, 0x0000000715800000|100%| E|CS|TAMS 0x0000000715600000| PB 0x0000000715600000| Complete |  0
| 125|0x0000000715800000, 0x0000000715a00000, 0x0000000715a00000|100%| E|CS|TAMS 0x0000000715800000| PB 0x0000000715800000| Complete |  0
|2000|0x00000007ffe00000, 0x00000007fff1d1c0, 0x0000000800000000| 55%| O|  |TAMS 0x00000007ffe00000| PB 0x00000007ffe00000| Untracked |  0

Card table byte_map: [0x000001b166960000,0x000001b167140000] _byte_map_base: 0x000001b163131000

Marking Bits: (CMBitMap*) 0x000001b14b436db0
 Bits: [0x000001b167140000, 0x000001b16afc8000)

Polling page: 0x000001b14b7e0000

Metaspace:

Usage:
  Non-class:      7.05 MB used.
      Class:    735.05 KB used.
       Both:      7.77 MB used.

Virtual space:
  Non-class space:       64.00 MB reserved,       7.19 MB ( 11%) committed,  1 nodes.
      Class space:        1.00 GB reserved,     896.00 KB ( <1%) committed,  1 nodes.
             Both:        1.06 GB reserved,       8.06 MB ( <1%) committed. 

Chunk freelists:
   Non-Class:  8.47 MB
       Class:  15.18 MB
        Both:  23.65 MB

MaxMetaspaceSize: unlimited
CompressedClassSpaceSize: 1.00 GB
Initial GC threshold: 21.00 MB
Current GC threshold: 21.00 MB
CDS: on
 - commit_granule_bytes: 65536.
 - commit_granule_words: 8192.
 - virtual_space_node_default_size: 8388608.
 - enlarge_chunks_in_place: 1.
UseCompressedClassPointers 1, UseCompactObjectHeaders 0
Narrow klass pointer bits 32, Max shift 3
Narrow klass base: 0x000001b100000000, Narrow klass shift: 0
Encoding Range: [0x000001b100000000 - 0x000001b200000000), (4294967296 bytes)
Klass Range:    [0x000001b100000000 - 0x000001b141000000), (1090519040 bytes)
Klass ID Range:  [8 - 1090519033) (1090519025)


Internal statistics:

num_allocs_failed_limit: 0.
num_arena_births: 214.
num_arena_deaths: 0.
num_vsnodes_births: 2.
num_vsnodes_deaths: 0.
num_space_committed: 129.
num_space_uncommitted: 0.
num_chunks_returned_to_freelist: 0.
num_chunks_taken_from_freelist: 294.
num_chunk_merges: 0.
num_chunk_splits: 164.
num_chunks_enlarged: 51.
num_inconsistent_stats: 0.

CodeHeap 'non-profiled nmethods': size=118912Kb used=733Kb max_used=733Kb free=118178Kb
 bounds [0x000001b15d2f0000, 0x000001b15d560000, 0x000001b164710000]
CodeHeap 'profiled nmethods': size=118848Kb used=3380Kb max_used=3380Kb free=115467Kb
 bounds [0x000001b155710000, 0x000001b155a60000, 0x000001b15cb20000]
CodeHeap 'non-nmethods': size=8000Kb used=3587Kb max_used=3732Kb free=4412Kb
 bounds [0x000001b15cb20000, 0x000001b15cee0000, 0x000001b15d2f0000]
CodeCache: size=245760Kb, used=7700Kb, max_used=7845Kb, free=238057Kb
 total_blobs=2788, nmethods=2283, adapters=406, full_count=0
Compilation: enabled, stopped_count=0, restarted_count=0

Compilation events (20 events):
Event: 6.195 Thread 0x000001b1419a8460 nmethod 2279 0x000001b155a5b108 code [0x000001b155a5b240, 0x000001b155a5b478]
Event: 6.196 Thread 0x000001b16d527b10 nmethod 2273 0x000001b15d397508 code [0x000001b15d397600, 0x000001b15d3976c8]
Event: 6.196 Thread 0x000001b1419a7cd0 nmethod 2278 0x000001b15d397808 code [0x000001b15d397900, 0x000001b15d3979c8]
Event: 6.196 Thread 0x000001b1419a7540 2275       1       jdk.jfr.internal.EventControl::getEventType (5 bytes)
Event: 6.196 Thread 0x000001b1419a8460 2276       1       jdk.jfr.internal.EventControl::getSettingsId (5 bytes)
Event: 6.196 Thread 0x000001b16d527b10 2277       1       jdk.jfr.internal.EventControl::getNamedControls (5 bytes)
Event: 6.196 Thread 0x000001b1419a7540 nmethod 2275 0x000001b15d397b08 code [0x000001b15d397c00, 0x000001b15d397cc8]
Event: 6.196 Thread 0x000001b1419a8460 nmethod 2276 0x000001b15d397e08 code [0x000001b15d397f00, 0x000001b15d397fc8]
Event: 6.196 Thread 0x000001b16d527b10 nmethod 2277 0x000001b15d398108 code [0x000001b15d398200, 0x000001b15d3982c8]
Event: 6.196 Thread 0x000001b1419a4f70 nmethod 2280 0x000001b155a5b488 code [0x000001b155a5b720, 0x000001b155a5cb78]
Event: 6.197 Thread 0x000001b1419aaa30 nmethod 2262 0x000001b15d398408 code [0x000001b15d398520, 0x000001b15d3987b0]
Event: 6.197 Thread 0x000001b1419a7cd0 2282       1       jdk.jfr.internal.periodic.EventTask::getEventType (5 bytes)
Event: 6.197 Thread 0x000001b1419a7540 2283       1       jdk.jfr.internal.periodic.PeriodicTask::getPeriod (5 bytes)
Event: 6.198 Thread 0x000001b1419a4f70 2284       3       java.util.Comparator::lambda$comparingLong$6043328a$1 (18 bytes)
Event: 6.198 Thread 0x000001b1419a7cd0 nmethod 2282 0x000001b15d398808 code [0x000001b15d398900, 0x000001b15d3989c8]
Event: 6.198 Thread 0x000001b1419a7540 nmethod 2283 0x000001b15d398b08 code [0x000001b15d398c00, 0x000001b15d398cc8]
Event: 6.198 Thread 0x000001b1419a4f70 nmethod 2284 0x000001b155a5cc08 code [0x000001b155a5cd60, 0x000001b155a5d140]
Event: 6.198 Thread 0x000001b1419a6db0 nmethod 2246 0x000001b15d398e08 code [0x000001b15d399040, 0x000001b15d39a938]
Event: 6.199 Thread 0x000001b1419ab1c0 nmethod 2231 0x000001b15d39aa08 code [0x000001b15d39ac60, 0x000001b15d39b8a8]
Event: 6.200 Thread 0x000001b16d4fb050 nmethod 2265 0x000001b15d39b988 code [0x000001b15d39baa0, 0x000001b15d39bfa0]

GC Heap History (0 events):
No events

Dll operation events (12 events):
Event: 0.006 Loaded shared library C:\Program Files\Java\jdk-24\bin\java.dll
Event: 0.026 Loaded shared library C:\Program Files\Java\jdk-24\bin\jsvml.dll
Event: 0.048 Loaded shared library C:\Program Files\Java\jdk-24\bin\zip.dll
Event: 0.050 Loaded shared library C:\Program Files\Java\jdk-24\bin\instrument.dll
Event: 0.053 Loaded shared library C:\Program Files\Java\jdk-24\bin\net.dll
Event: 0.055 Loaded shared library C:\Program Files\Java\jdk-24\bin\nio.dll
Event: 0.058 Loaded shared library C:\Program Files\Java\jdk-24\bin\zip.dll
Event: 0.075 Loaded shared library C:\Program Files\Java\jdk-24\bin\extnet.dll
Event: 0.122 Loaded shared library C:\Program Files\Java\jdk-24\bin\jimage.dll
Event: 0.150 Loaded shared library C:\Program Files\Java\jdk-24\bin\management.dll
Event: 0.155 Loaded shared library C:\Program Files\Java\jdk-24\bin\management_ext.dll
Event: 6.043 Loaded shared library C:\Users\jesus\AppData\Local\Temp\idea_libasyncProfiler_dll_temp_folder5\libasyncProfiler.dll

Deoptimization events (20 events):
Event: 6.143 Thread 0x000001b16d4e1690 Uncommon trap: trap_request=0xffffffde fr.pc=0x000001b15d380910 relative=0x0000000000000070
Event: 6.143 Thread 0x000001b16d4e1690 Uncommon trap: reason=class_check action=maybe_recompile pc=0x000001b15d380910 method=jdk.jfr.FlightRecorderPermission$InternalAccess.getType(Ljava/lang/Object;)Ljdk/jfr/internal/Type; @ 18 c2
Event: 6.143 Thread 0x000001b16d4e1690 DEOPT PACKING pc=0x000001b15d380910 sp=0x00000022578fe7e0
Event: 6.143 Thread 0x000001b16d4e1690 DEOPT UNPACKING pc=0x000001b15cc38a02 sp=0x00000022578fe778 mode 2
Event: 6.148 Thread 0x000001b16d4e1690 Uncommon trap: trap_request=0xffffffcc fr.pc=0x000001b15d386d7c relative=0x00000000000003bc
Event: 6.148 Thread 0x000001b16d4e1690 Uncommon trap: reason=intrinsic_or_type_checked_inlining action=make_not_entrant pc=0x000001b15d386d7c method=java.util.Arrays.copyOf([Ljava/lang/Object;ILjava/lang/Class;)[Ljava/lang/Object; @ 35 c2
Event: 6.148 Thread 0x000001b16d4e1690 DEOPT PACKING pc=0x000001b15d386d7c sp=0x00000022578fe660
Event: 6.148 Thread 0x000001b16d4e1690 DEOPT UNPACKING pc=0x000001b15cc38a02 sp=0x00000022578fe5f0 mode 2
Event: 6.180 Thread 0x000001b16d4e1690 Uncommon trap: trap_request=0xffffff4d fr.pc=0x000001b15d380394 relative=0x00000000000000f4
Event: 6.180 Thread 0x000001b16d4e1690 Uncommon trap: reason=unstable_if action=reinterpret pc=0x000001b15d380394 method=java.lang.Long.valueOf(J)Ljava/lang/Long; @ 9 c2
Event: 6.180 Thread 0x000001b16d4e1690 DEOPT PACKING pc=0x000001b15d380394 sp=0x00000022578feb60
Event: 6.180 Thread 0x000001b16d4e1690 DEOPT UNPACKING pc=0x000001b15cc38a02 sp=0x00000022578feaf8 mode 2
Event: 6.184 Thread 0x000001b16d4e1690 Uncommon trap: trap_request=0xffffff4d fr.pc=0x000001b15d3922ac relative=0x000000000000020c
Event: 6.184 Thread 0x000001b16d4e1690 Uncommon trap: reason=unstable_if action=reinterpret pc=0x000001b15d3922ac method=java.io.ByteArrayOutputStream.ensureCapacity(I)V @ 11 c2
Event: 6.184 Thread 0x000001b16d4e1690 DEOPT PACKING pc=0x000001b15d3922ac sp=0x00000022578fe970
Event: 6.184 Thread 0x000001b16d4e1690 DEOPT UNPACKING pc=0x000001b15cc38a02 sp=0x00000022578fe8a8 mode 2
Event: 6.187 Thread 0x000001b16d4e1690 Uncommon trap: trap_request=0xffffff4d fr.pc=0x000001b15d392870 relative=0x00000000000003d0
Event: 6.187 Thread 0x000001b16d4e1690 Uncommon trap: reason=unstable_if action=reinterpret pc=0x000001b15d392870 method=java.io.ByteArrayOutputStream.ensureCapacity(I)V @ 11 c2
Event: 6.187 Thread 0x000001b16d4e1690 DEOPT PACKING pc=0x000001b15d392870 sp=0x00000022578fe8d0
Event: 6.187 Thread 0x000001b16d4e1690 DEOPT UNPACKING pc=0x000001b15cc38a02 sp=0x00000022578fe7b0 mode 2

Classes loaded (20 events):
Event: 6.176 Loading class jdk/jfr/internal/MetadataWriter
Event: 6.176 Loading class jdk/jfr/internal/MetadataWriter done
Event: 6.176 Loading class jdk/jfr/internal/MetadataDescriptor$Element
Event: 6.176 Loading class jdk/jfr/internal/MetadataDescriptor$Element done
Event: 6.177 Loading class jdk/jfr/internal/MetadataDescriptor$Attribute
Event: 6.177 Loading class jdk/jfr/internal/MetadataDescriptor$Attribute done
Event: 6.182 Loading class jdk/jfr/internal/consumer/StringParser$Encoding
Event: 6.182 Loading class jdk/jfr/internal/consumer/StringParser$Encoding done
Event: 6.189 Loading class jdk/jfr/internal/consumer/RepositoryFiles
Event: 6.189 Loading class jdk/jfr/internal/consumer/RepositoryFiles done
Event: 6.193 Loading class jdk/jfr/internal/SettingsManager$InternalSetting
Event: 6.193 Loading class jdk/jfr/internal/SettingsManager$InternalSetting done
Event: 6.194 Loading class jdk/jfr/internal/util/Rate
Event: 6.194 Loading class jdk/jfr/internal/util/Rate done
Event: 6.194 Loading class jdk/jfr/internal/util/TimespanUnit
Event: 6.194 Loading class jdk/jfr/internal/util/TimespanUnit done
Event: 6.194 Loading class jdk/jfr/internal/util/ValueParser
Event: 6.194 Loading class jdk/jfr/internal/util/ValueParser done
Event: 6.195 Loading class jdk/jfr/internal/periodic/PeriodicType
Event: 6.195 Loading class jdk/jfr/internal/periodic/PeriodicType done

Classes unloaded (0 events):
No events

Classes redefined (0 events):
No events

Internal exceptions (20 events):
Event: 0.421 Thread 0x000001b141ada460 Exception <a 'java/lang/NoSuchMethodError'{0x000000071436f740}: 'double java.lang.invoke.DirectMethodHandle$Holder.invokeInterface(java.lang.Object, java.lang.Object)'> (0x000000071436f740) 
thrown [s\open\src\hotspot\share\interpreter\linkResolver.cpp, line 805]
Event: 0.422 Thread 0x000001b141ada460 Exception <a 'java/lang/NoSuchMethodError'{0x00000007143803b0}: 'double java.lang.invoke.DelegatingMethodHandle$Holder.reinvoke_L(java.lang.Object, java.lang.Object)'> (0x00000007143803b0) 
thrown [s\open\src\hotspot\share\interpreter\linkResolver.cpp, line 805]
Event: 0.852 Thread 0x000001b141ada460 Exception <a 'java/lang/NoSuchMethodError'{0x00000007143a7fe0}: 'long java.lang.invoke.DirectMethodHandle$Holder.invokeVirtual(java.lang.Object, java.lang.Object)'> (0x00000007143a7fe0) 
thrown [s\open\src\hotspot\share\interpreter\linkResolver.cpp, line 805]
Event: 0.853 Thread 0x000001b141ada460 Exception <a 'java/lang/NoSuchMethodError'{0x00000007143b02d0}: 'java.lang.Object java.lang.invoke.DirectMethodHandle$Holder.invokeStatic(java.lang.Object, long)'> (0x00000007143b02d0) 
thrown [s\open\src\hotspot\share\interpreter\linkResolver.cpp, line 805]
Event: 0.853 Thread 0x000001b141ada460 Exception <a 'java/lang/NoSuchMethodError'{0x00000007143c0378}: 'long java.lang.invoke.DelegatingMethodHandle$Holder.reinvoke_L(java.lang.Object, java.lang.Object)'> (0x00000007143c0378) 
thrown [s\open\src\hotspot\share\interpreter\linkResolver.cpp, line 805]
Event: 1.736 Thread 0x000001b14139d7f0 Exception <a 'java/lang/NoSuchMethodError'{0x0000000713e06a08}: 'java.lang.Object java.lang.invoke.DelegatingMethodHandle$Holder.reinvoke_L(java.lang.Object, java.lang.Object, int, int, int)'> (0x0000000713e06a08) 
thrown [s\open\src\hotspot\share\interpreter\linkResolver.cpp, line 805]
Event: 1.936 Thread 0x000001b14139d7f0 Exception <a 'java/lang/NoSuchMethodError'{0x0000000713e30118}: 'java.lang.Object java.lang.invoke.DirectMethodHandle$Holder.invokeSpecial(java.lang.Object, java.lang.Object, int, java.lang.Object, int)'> (0x0000000713e30118) 
thrown [s\open\src\hotspot\share\interpreter\linkResolver.cpp, line 805]
Event: 1.936 Thread 0x000001b14139d7f0 Exception <a 'java/lang/NoSuchMethodError'{0x0000000713e40490}: 'java.lang.Object java.lang.invoke.DelegatingMethodHandle$Holder.reinvoke_L(java.lang.Object, java.lang.Object, int, java.lang.Object, int)'> (0x0000000713e40490) 
thrown [s\open\src\hotspot\share\interpreter\linkResolver.cpp, line 805]
Event: 5.593 Thread 0x000001b141992240 Exception <a 'java/lang/InterruptedException'{0x0000000713f25c90}: sleep interrupted> (0x0000000713f25c90) 
thrown [s\open\src\hotspot\share\prims\jvm.cpp, line 2955]
Event: 6.065 Thread 0x000001b16d4e1690 Implicit null exception at 0x000001b15d329859 to 0x000001b15d32a4e4
Event: 6.071 Thread 0x000001b16d4e1690 Exception <a 'java/lang/NoSuchMethodError'{0x0000000713dd9698}: 'void java.lang.invoke.DirectMethodHandle$Holder.invokeStaticInit(java.lang.Object)'> (0x0000000713dd9698) 
thrown [s\open\src\hotspot\share\interpreter\linkResolver.cpp, line 805]
Event: 6.080 Thread 0x000001b16d4e1690 Exception <a 'java/lang/NoSuchMethodError'{0x0000000713a3aab0}: 'java.lang.Object java.lang.invoke.DirectMethodHandle$Holder.newInvokeSpecial(java.lang.Object, java.lang.Object, java.lang.Object, java.lang.Object, java.lang.Object)'> (0x0000000713a3aab0) 
thrown [s\open\src\hotspot\share\interpreter\linkResolver.cpp, line 805]
Event: 6.104 Thread 0x000001b16d4e1690 Exception <a 'java/lang/NoSuchMethodError'{0x0000000713bcf7d8}: 'int java.lang.invoke.DirectMethodHandle$Holder.invokeStatic(java.lang.Object, java.lang.Object, java.lang.Object, java.lang.Object)'> (0x0000000713bcf7d8) 
thrown [s\open\src\hotspot\share\interpreter\linkResolver.cpp, line 805]
Event: 6.167 Thread 0x000001b16d4e1690 Exception <a 'java/lang/NoSuchMethodError'{0x00000007134d2380}: 'void java.lang.invoke.DirectMethodHandle$Holder.invokeSpecial(java.lang.Object, java.lang.Object, int)'> (0x00000007134d2380) 
thrown [s\open\src\hotspot\share\interpreter\linkResolver.cpp, line 805]
Event: 6.167 Thread 0x000001b16d4e1690 Exception <a 'java/lang/NoSuchMethodError'{0x00000007134d9fa0}: 'void java.lang.invoke.Invokers$Holder.invokeExact_MT(java.lang.Object, int, java.lang.Object)'> (0x00000007134d9fa0) 
thrown [s\open\src\hotspot\share\interpreter\linkResolver.cpp, line 805]
Event: 6.168 Thread 0x000001b16d4e1690 Exception <a 'java/lang/NoSuchMethodError'{0x00000007134f4780}: 'void java.lang.invoke.DirectMethodHandle$Holder.invokeStatic(java.lang.Object, java.lang.Object, int)'> (0x00000007134f4780) 
thrown [s\open\src\hotspot\share\interpreter\linkResolver.cpp, line 805]
Event: 6.169 Thread 0x000001b16d4e1690 Exception <a 'java/lang/NoSuchMethodError'{0x000000071320eb20}: 'java.lang.Object java.lang.invoke.DirectMethodHandle$Holder.newInvokeSpecial(java.lang.Object, java.lang.Object, int)'> (0x000000071320eb20) 
thrown [s\open\src\hotspot\share\interpreter\linkResolver.cpp, line 805]
Event: 6.171 Thread 0x000001b16d4e1690 Exception <a 'sun/nio/fs/WindowsException'{0x00000007132429a0}> (0x00000007132429a0) 
thrown [s\open\src\hotspot\share\prims\jni.cpp, line 518]
Event: 6.173 Thread 0x000001b16d4e1690 Exception <a 'sun/nio/fs/WindowsException'{0x000000071324f778}> (0x000000071324f778) 
thrown [s\open\src\hotspot\share\prims\jni.cpp, line 518]
Event: 6.175 Thread 0x000001b16d4e1690 Exception <a 'sun/nio/fs/WindowsException'{0x0000000713261530}> (0x0000000713261530) 
thrown [s\open\src\hotspot\share\prims\jni.cpp, line 518]

VM Operations (18 events):
Event: 0.114 Executing VM operation: HandshakeAllThreads (Deoptimize)
Event: 0.114 Executing VM operation: HandshakeAllThreads (Deoptimize) done
Event: 0.127 Executing VM operation: HandshakeAllThreads (Deoptimize)
Event: 0.127 Executing VM operation: HandshakeAllThreads (Deoptimize) done
Event: 0.305 Executing VM operation: HandshakeAllThreads (Deoptimize)
Event: 0.305 Executing VM operation: HandshakeAllThreads (Deoptimize) done
Event: 0.308 Executing VM operation: HandshakeAllThreads (Deoptimize)
Event: 0.308 Executing VM operation: HandshakeAllThreads (Deoptimize) done
Event: 0.367 Executing VM operation: HandshakeAllThreads (Deoptimize)
Event: 0.367 Executing VM operation: HandshakeAllThreads (Deoptimize) done
Event: 0.400 Executing VM operation: HandshakeAllThreads (Deoptimize)
Event: 0.400 Executing VM operation: HandshakeAllThreads (Deoptimize) done
Event: 1.934 Executing VM operation: HandshakeAllThreads (Deoptimize)
Event: 1.934 Executing VM operation: HandshakeAllThreads (Deoptimize) done
Event: 6.170 Executing VM operation: HandshakeAllThreads (Deoptimize)
Event: 6.170 Executing VM operation: HandshakeAllThreads (Deoptimize) done
Event: 6.190 Executing VM operation: JFRSafepointClear
Event: 6.190 Executing VM operation: JFRSafepointClear done

Memory protections (0 events):
No events

Nmethod flushes (0 events):
No events

Events (20 events):
Event: 2.628 Thread 0x000001b16d525cd0 Thread exited: 0x000001b16d525cd0
Event: 2.628 Thread 0x000001b1419171c0 Thread exited: 0x000001b1419171c0
Event: 4.033 Thread 0x000001b141ad8e70 Thread exited: 0x000001b141ad8e70
Event: 4.735 Thread 0x000001b16d527380 Thread exited: 0x000001b16d527380
Event: 4.987 Thread 0x000001b16d527b10 Thread added: 0x000001b1419a6620
Event: 5.541 Thread 0x000001b1419a6620 Thread exited: 0x000001b1419a6620
Event: 5.593 Thread 0x000001b141ad7880 Thread exited: 0x000001b141ad7880
Event: 5.594 Thread 0x000001b141992240 Thread exited: 0x000001b141992240
Event: 5.594 Thread 0x000001b14b3caa30 Thread exited: 0x000001b14b3caa30
Event: 5.594 Thread 0x000001b141ad7880 Thread added: 0x000001b141ad7880
Event: 6.051 Thread 0x000001b16d527b10 Thread added: 0x000001b1419a5e90
Event: 6.051 Thread 0x000001b16d527b10 Thread added: 0x000001b1419a6db0
Event: 6.066 Thread 0x000001b16d527b10 Thread added: 0x000001b1419a7540
Event: 6.070 Thread 0x000001b16d4e1690 Thread added: 0x000001b141ad7fd0
Event: 6.076 Thread 0x000001b16d527b10 Thread added: 0x000001b1419a7cd0
Event: 6.076 Thread 0x000001b16d527b10 Thread added: 0x000001b1419a8460
Event: 6.076 Thread 0x000001b16d527b10 Thread added: 0x000001b1419a4f70
Event: 6.110 Thread 0x000001b1419a7540 Thread added: 0x000001b1419aaa30
Event: 6.112 Thread 0x000001b1419a8460 Thread added: 0x000001b1419ab1c0
Event: 6.169 Thread 0x000001b16d4e1690 Thread added: 0x000001b148565020


Dynamic libraries:
0x00007ff6fbab0000 - 0x00007ff6fbac0000 	C:\Program Files\Java\jdk-24\bin\java.exe
0x00007ffa70820000 - 0x00007ffa70a89000 	C:\Windows\SYSTEM32\ntdll.dll
0x00007ffa6ffc0000 - 0x00007ffa70089000 	C:\Windows\System32\KERNEL32.DLL
0x00007ffa6de80000 - 0x00007ffa6e273000 	C:\Windows\System32\KERNELBASE.dll
0x00007ffa6db20000 - 0x00007ffa6dc6b000 	C:\Windows\System32\ucrtbase.dll
0x00007ffa52bf0000 - 0x00007ffa52c06000 	C:\Program Files\Java\jdk-24\bin\jli.dll
0x00007ffa2c940000 - 0x00007ffa2c95b000 	C:\Program Files\Java\jdk-24\bin\VCRUNTIME140.dll
0x00007ffa70430000 - 0x00007ffa705f4000 	C:\Windows\System32\USER32.dll
0x00007ffa51240000 - 0x00007ffa514d3000 	C:\Windows\WinSxS\amd64_microsoft.windows.common-controls_6595b64144ccf1df_6.0.26100.5074_none_3e0d6f78e32fd63f\COMCTL32.dll
0x00007ffa6e310000 - 0x00007ffa6e337000 	C:\Windows\System32\win32u.dll
0x00007ffa70200000 - 0x00007ffa7022b000 	C:\Windows\System32\GDI32.dll
0x00007ffa6ff10000 - 0x00007ffa6ffb9000 	C:\Windows\System32\msvcrt.dll
0x00007ffa6e4c0000 - 0x00007ffa6e5ed000 	C:\Windows\System32\gdi32full.dll
0x00007ffa6da70000 - 0x00007ffa6db13000 	C:\Windows\System32\msvcp_win.dll
0x00007ffa6f220000 - 0x00007ffa6f24f000 	C:\Windows\System32\IMM32.DLL
0x00007ffa6a0f0000 - 0x00007ffa6a0fc000 	C:\Program Files\Java\jdk-24\bin\vcruntime140_1.dll
0x00007ffa2c8b0000 - 0x00007ffa2c93e000 	C:\Program Files\Java\jdk-24\bin\msvcp140.dll
0x00007ff9a3240000 - 0x00007ff9a3fe2000 	C:\Program Files\Java\jdk-24\bin\server\jvm.dll
0x00007ffa6fc10000 - 0x00007ffa6fcc4000 	C:\Windows\System32\ADVAPI32.dll
0x00007ffa70150000 - 0x00007ffa701f6000 	C:\Windows\System32\sechost.dll
0x00007ffa70230000 - 0x00007ffa70348000 	C:\Windows\System32\RPCRT4.dll
0x00007ffa6f260000 - 0x00007ffa6f2d4000 	C:\Windows\System32\WS2_32.dll
0x00007ffa6c5f0000 - 0x00007ffa6c64e000 	C:\Windows\SYSTEM32\POWRPROF.dll
0x00007ffa60540000 - 0x00007ffa60575000 	C:\Windows\SYSTEM32\WINMM.dll
0x00007ffa62430000 - 0x00007ffa6243b000 	C:\Windows\SYSTEM32\VERSION.dll
0x00007ffa6c5d0000 - 0x00007ffa6c5e4000 	C:\Windows\SYSTEM32\UMPDC.dll
0x00007ffa6c810000 - 0x00007ffa6c82b000 	C:\Windows\SYSTEM32\kernel.appcore.dll
0x00007ffa695a0000 - 0x00007ffa695aa000 	C:\Program Files\Java\jdk-24\bin\jimage.dll
0x00007ffa6b050000 - 0x00007ffa6b292000 	C:\Windows\SYSTEM32\DBGHELP.DLL
0x00007ffa6eea0000 - 0x00007ffa6f21b000 	C:\Windows\System32\combase.dll
0x00007ffa70350000 - 0x00007ffa70427000 	C:\Windows\System32\OLEAUT32.dll
0x00007ffa3df70000 - 0x00007ffa3dfad000 	C:\Windows\SYSTEM32\dbgcore.DLL
0x00007ffa6dde0000 - 0x00007ffa6de79000 	C:\Windows\System32\bcryptPrimitives.dll
0x00007ffa2c8a0000 - 0x00007ffa2c8af000 	C:\Program Files\Java\jdk-24\bin\instrument.dll
0x00007ffa2c880000 - 0x00007ffa2c89e000 	C:\Program Files\Java\jdk-24\bin\java.dll
0x00007ffa6fd50000 - 0x00007ffa6fee8000 	C:\Windows\System32\ole32.dll
0x00007ffa6e5f0000 - 0x00007ffa6ed3d000 	C:\Windows\System32\SHELL32.dll
0x00007ffa6dc70000 - 0x00007ffa6dddc000 	C:\Windows\System32\wintypes.dll
0x00007ffa6b610000 - 0x00007ffa6be69000 	C:\Windows\SYSTEM32\windows.storage.dll
0x00007ffa70660000 - 0x00007ffa70750000 	C:\Windows\System32\SHCORE.dll
0x00007ffa70760000 - 0x00007ffa707c2000 	C:\Windows\System32\shlwapi.dll
0x00007ffa6d8d0000 - 0x00007ffa6d8f9000 	C:\Windows\SYSTEM32\profapi.dll
0x00007ffa2c7a0000 - 0x00007ffa2c877000 	C:\Program Files\Java\jdk-24\bin\jsvml.dll
0x00007ffa2c720000 - 0x00007ffa2c737000 	C:\Program Files\Java\jdk-24\bin\zip.dll
0x00007ffa2c780000 - 0x00007ffa2c790000 	C:\Program Files\Java\jdk-24\bin\net.dll
0x00007ffa6ce30000 - 0x00007ffa6ce9b000 	C:\Windows\system32\mswsock.dll
0x00007ffa2c760000 - 0x00007ffa2c776000 	C:\Program Files\Java\jdk-24\bin\nio.dll
0x00007ffa2c750000 - 0x00007ffa2c759000 	C:\Program Files\Java\jdk-24\bin\extnet.dll
0x00007ffa6c310000 - 0x00007ffa6c436000 	C:\Windows\SYSTEM32\DNSAPI.dll
0x00007ffa6c270000 - 0x00007ffa6c2a4000 	C:\Windows\SYSTEM32\IPHLPAPI.DLL
0x00007ffa6f8a0000 - 0x00007ffa6f8aa000 	C:\Windows\System32\NSI.dll
0x00007ffa66690000 - 0x00007ffa6669b000 	C:\Windows\System32\rasadhlp.dll
0x00007ffa66a00000 - 0x00007ffa66a86000 	C:\Windows\System32\fwpuclnt.dll
0x00007ffa2c710000 - 0x00007ffa2c71a000 	C:\Program Files\Java\jdk-24\bin\management.dll
0x00007ffa2c700000 - 0x00007ffa2c70b000 	C:\Program Files\Java\jdk-24\bin\management_ext.dll
0x00007ffa707d0000 - 0x00007ffa707d8000 	C:\Windows\System32\PSAPI.DLL
0x00007ffa6d0d0000 - 0x00007ffa6d0eb000 	C:\Windows\SYSTEM32\CRYPTSP.dll
0x00007ffa6c830000 - 0x00007ffa6c86b000 	C:\Windows\system32\rsaenh.dll
0x00007ffa6ced0000 - 0x00007ffa6cefb000 	C:\Windows\SYSTEM32\USERENV.dll
0x00007ffa6d8a0000 - 0x00007ffa6d8c6000 	C:\Windows\SYSTEM32\bcrypt.dll
0x00007ffa6d0f0000 - 0x00007ffa6d0fc000 	C:\Windows\SYSTEM32\CRYPTBASE.dll
0x00007ffa42f20000 - 0x00007ffa42f38000 	C:\Windows\system32\napinsp.dll
0x00007ffa42f70000 - 0x00007ffa42f82000 	C:\Windows\System32\winrnr.dll
0x00007ffa42f40000 - 0x00007ffa42f68000 	C:\Windows\system32\nlansp_c.dll
0x00007ffa65240000 - 0x00007ffa65256000 	C:\Windows\system32\wshbth.dll
0x00007ffa51db0000 - 0x00007ffa51e06000 	C:\Windows\SYSTEM32\pdh.dll
0x00007ffa3ff30000 - 0x00007ffa3ff42000 	C:\Windows\System32\perfproc.dll
0x00007ffa3ff10000 - 0x00007ffa3ff21000 	C:\Windows\System32\perfos.dll
0x00007ffa6be90000 - 0x00007ffa6bea2000 	C:\Windows\SYSTEM32\pfclient.dll
0x00007ff9a78c0000 - 0x00007ff9a7ace000 	C:\Users\jesus\AppData\Local\Temp\idea_libasyncProfiler_dll_temp_folder5\libasyncProfiler.dll

JVMTI agents:
C:\Program Files\JetBrains\IntelliJ IDEA 2024.3.5\lib\idea_rt.jar path:C:\Program Files\Java\jdk-24\bin\instrument.dll, loaded, initialized, instrumentlib options:39549

dbghelp: loaded successfully - version: 4.0.5 - missing functions: none
symbol engine: initialized successfully - sym options: 0x614 - pdb path: .;C:\Program Files\Java\jdk-24\bin;C:\Windows\SYSTEM32;C:\Windows\WinSxS\amd64_microsoft.windows.common-controls_6595b64144ccf1df_6.0.26100.5074_none_3e0d6f78e32fd63f;C:\Program Files\Java\jdk-24\bin\server;C:\Users\jesus\AppData\Local\Temp\idea_libasyncProfiler_dll_temp_folder5

VM Arguments:
jvm_args: -javaagent:C:\Program Files\JetBrains\IntelliJ IDEA 2024.3.5\lib\idea_rt.jar=39549 -Dfile.encoding=UTF-8 -Dsun.stdout.encoding=UTF-8 -Dsun.stderr.encoding=UTF-8 
java_command: org.example.Main
java_class_path (initial): C:\Files\Cursos\CursoJava\Sistemas_Distribuidos\practica1_Threads\target\classes
Launcher Type: SUN_STANDARD

[Global flags]
     intx CICompilerCount                          = 15                                        {product} {ergonomic}
     uint ConcGCThreads                            = 6                                         {product} {ergonomic}
     bool FlightRecorder                           = true                                      {product} {management}
     uint G1ConcRefinementThreads                  = 23                                        {product} {ergonomic}
   size_t G1HeapRegionSize                         = 2097152                                   {product} {ergonomic}
   size_t InitialHeapSize                          = 264241152                                 {product} {ergonomic}
   size_t MarkStackSize                            = 4194304                                   {product} {ergonomic}
   size_t MarkStackSizeMax                         = 536870912                                 {product} {ergonomic}
   size_t MaxHeapSize                              = 4196401152                                {product} {ergonomic}
   size_t MaxNewSize                               = 2516582400                                {product} {ergonomic}
   size_t MinHeapDeltaBytes                        = 2097152                                   {product} {ergonomic}
   size_t MinHeapSize                              = 8388608                                   {product} {ergonomic}
    uintx NonNMethodCodeHeapSize                   = 8192000                                {pd product} {ergonomic}
    uintx NonProfiledCodeHeapSize                  = 121765888                              {pd product} {ergonomic}
    uintx ProfiledCodeHeapSize                     = 121700352                              {pd product} {ergonomic}
    uintx ReservedCodeCacheSize                    = 251658240                              {pd product} {ergonomic}
     bool SegmentedCodeCache                       = true                                      {product} {ergonomic}
   size_t SoftMaxHeapSize                          = 4196401152                             {manageable} {ergonomic}
     bool UseCompressedOops                        = true                           {product lp64_product} {ergonomic}
     bool UseG1GC                                  = true                                      {product} {ergonomic}
     bool UseLargePagesIndividualAllocation        = false                                  {pd product} {ergonomic}

Logging:
Log output configuration:
 #0: stdout all=warning uptime,level,tags foldmultilines=false
 #1: stderr all=off uptime,level,tags foldmultilines=false

Environment Variables:
JAVA_HOME=C:\Program Files\Java\jdk-24
PATH=C:\Program Files\Common Files\Oracle\Java\javapath;C:\Windows\system32;C:\Windows;C:\Windows\System32\Wbem;C:\Windows\System32\WindowsPowerShell\v1.0\;C:\Windows\System32\OpenSSH\;C:\Program Files (x86)\NVIDIA Corporation\PhysX\Common;C:\Program Files\dotnet\;C:\Program Files\Git\cmd;C:\Program Files\Java\jdk-24\bin;C:\Users\jesus\AppData\Roaming\Microsoft\Windows\Start Menu\Programs\Python 3.13;C:\Users\jesus\anaconda3\condabin;C:\ProgramData\chocolatey\bin;C:\Files\programs_exe\prometheus-3.5.0.windows-amd64;C:\Program Files\GrafanaLabs\grafana\bin;C:\Program Files\nodejs\;C:\Program Files\NVIDIA Corporation\NVIDIA App\NvDLISR;C:\Users\jesus\AppData\Local\Programs\Python\Launcher\;C:\Users\jesus\AppData\Local\Microsoft\WindowsApps;;C:\Program Files\JetBrains\IntelliJ IDEA 2024.3.5\bin;;C:\Users\jesus\AppData\Local\Programs\Microsoft VS Code\bin;C:\ProgramData\mingw64\mingw64\bin;C:\Program Files (x86)\Nmap;C:\Users\jesus\AppData\Roaming\npm
USERNAME=jesus
OS=Windows_NT
PROCESSOR_IDENTIFIER=Intel64 Family 6 Model 183 Stepping 1, GenuineIntel
TMP=C:\Users\jesus\AppData\Local\Temp
TEMP=C:\Users\jesus\AppData\Local\Temp




Periodic native trim disabled

---------------  S Y S T E M  ---------------

OS:
 Windows 11 , 64 bit Build 26100 (10.0.26100.5074)
OS uptime: 0 days 0:18 hours
Hyper-V role detected

CPU: total 32 (initial active 32) (16 cores per cpu, 2 threads per core) family 6 model 183 stepping 1 microcode 0x12b, cx8, cmov, fxsr, ht, mmx, 3dnowpref, sse, sse2, sse3, ssse3, sse4.1, sse4.2, popcnt, lzcnt, tsc, tscinvbit, avx, avx2, aes, erms, clmul, bmi1, bmi2, adx, sha, fma, vzeroupper, clflush, clflushopt, clwb, hv, serialize, rdtscp, rdpid, fsrm, gfni, f16c, cet_ibt, cet_ss
Processor Information for processor 0
  Max Mhz: 2200, Current Mhz: 2200, Mhz Limit: 2200
Processor Information for processor 1
  Max Mhz: 2200, Current Mhz: 1466, Mhz Limit: 2200
Processor Information for processor 2
  Max Mhz: 2200, Current Mhz: 2200, Mhz Limit: 2200
Processor Information for processor 3
  Max Mhz: 2200, Current Mhz: 1466, Mhz Limit: 2200
Processor Information for processor 4
  Max Mhz: 2200, Current Mhz: 2200, Mhz Limit: 2200
Processor Information for processor 5
  Max Mhz: 2200, Current Mhz: 1466, Mhz Limit: 2200
Processor Information for processor 6
  Max Mhz: 2200, Current Mhz: 2200, Mhz Limit: 2200
Processor Information for processor 7
  Max Mhz: 2200, Current Mhz: 1466, Mhz Limit: 2200
Processor Information for processor 8
  Max Mhz: 2200, Current Mhz: 2200, Mhz Limit: 2200
Processor Information for processor 9
  Max Mhz: 2200, Current Mhz: 1466, Mhz Limit: 2200
Processor Information for processor 10
  Max Mhz: 2200, Current Mhz: 2200, Mhz Limit: 2200
Processor Information for processor 11
  Max Mhz: 2200, Current Mhz: 1466, Mhz Limit: 2200
Processor Information for processor 12
  Max Mhz: 2200, Current Mhz: 2200, Mhz Limit: 2200
Processor Information for processor 13
  Max Mhz: 2200, Current Mhz: 1466, Mhz Limit: 2200
Processor Information for processor 14
  Max Mhz: 2200, Current Mhz: 2200, Mhz Limit: 2200
Processor Information for processor 15
  Max Mhz: 2200, Current Mhz: 2200, Mhz Limit: 2200
Processor Information for processor 16
  Max Mhz: 2200, Current Mhz: 1500, Mhz Limit: 1584
Processor Information for processor 17
  Max Mhz: 2200, Current Mhz: 1600, Mhz Limit: 1584
Processor Information for processor 18
  Max Mhz: 2200, Current Mhz: 1500, Mhz Limit: 1584
Processor Information for processor 19
  Max Mhz: 2200, Current Mhz: 1500, Mhz Limit: 1584
Processor Information for processor 20
  Max Mhz: 2200, Current Mhz: 1500, Mhz Limit: 1584
Processor Information for processor 21
  Max Mhz: 2200, Current Mhz: 1500, Mhz Limit: 1584
Processor Information for processor 22
  Max Mhz: 2200, Current Mhz: 1500, Mhz Limit: 1584
Processor Information for processor 23
  Max Mhz: 2200, Current Mhz: 1500, Mhz Limit: 1584
Processor Information for processor 24
  Max Mhz: 2200, Current Mhz: 1500, Mhz Limit: 1584
Processor Information for processor 25
  Max Mhz: 2200, Current Mhz: 1500, Mhz Limit: 1584
Processor Information for processor 26
  Max Mhz: 2200, Current Mhz: 1600, Mhz Limit: 1584
Processor Information for processor 27
  Max Mhz: 2200, Current Mhz: 1600, Mhz Limit: 1584
Processor Information for processor 28
  Max Mhz: 2200, Current Mhz: 1500, Mhz Limit: 1584
Processor Information for processor 29
  Max Mhz: 2200, Current Mhz: 1500, Mhz Limit: 1584
Processor Information for processor 30
  Max Mhz: 2200, Current Mhz: 1500, Mhz Limit: 1584
Processor Information for processor 31
  Max Mhz: 2200, Current Mhz: 1500, Mhz Limit: 1584

Memory: 4k page, system-wide physical 16002M (2736M free)
TotalPageFile size 27266M (AvailPageFile size 11290M)
current process WorkingSet (physical memory assigned to process): 117M, peak: 121M
current process commit charge ("private bytes"): 440M, peak: 452M

vm_info: Java HotSpot(TM) 64-Bit Server VM (24.0.1+9-30) for windows-amd64 JRE (24.0.1+9-30), built on 2025-03-05T07:23:45Z with MS VC++ 17.6 (VS2022)

END.
