#
# A fatal error has been detected by the Java Runtime Environment:
#
#  EXCEPTION_ACCESS_VIOLATION (0xc0000005) at pc=0x00007ff93f033004, pid=32188, tid=7732
#
# JRE version: Java(TM) SE Runtime Environment (24.0.1+9) (build 24.0.1+9-30)
# Java VM: Java HotSpot(TM) 64-Bit Server VM (24.0.1+9-30, mixed mode, sharing, tiered, compressed oops, compressed class ptrs, g1 gc, windows-amd64)
# Problematic frame:
# C  [libasyncProfiler.dll+0x93004]
#
# No core dump will be written. Minidumps are not enabled by default on client versions of Windows
#
# JFR recording file will be written. Location: C:\Files\Cursos\CursoJava\Sistemas_Distribuidos\practica1_Threads\hs_err_pid32188.jfr
#
# If you would like to submit a bug report, please visit:
#   https://bugreport.java.com/bugreport/crash.jsp
# The crash happened outside the Java Virtual Machine in native code.
# See problematic frame for where to report the bug.
#

---------------  S U M M A R Y ------------

Command Line: -javaagent:C:\Program Files\JetBrains\IntelliJ IDEA 2024.3.5\lib\idea_rt.jar=59985 -Dfile.encoding=UTF-8 -Dsun.stdout.encoding=UTF-8 -Dsun.stderr.encoding=UTF-8 org.example.Main

Host: Intel(R) Core(TM) i9-14900HX, 32 cores, 15G,  Windows 11 , 64 bit Build 26100 (10.0.26100.5074)
Time: Wed Sep 10 19:39:44 2025 Hora estándar central (México) elapsed time: 9.286417 seconds (0d 0h 0m 9s)

---------------  T H R E A D  ---------------

Current thread (0x000001f142242910):  JavaThread "Attach Listener" daemon [_thread_in_native, id=7732, stack(0x000000251a700000,0x000000251a800000) (1024K)]

Stack: [0x000000251a700000,0x000000251a800000],  sp=0x000000251a7fedc0,  free space=1019k
Native frames: (J=compiled Java code, j=interpreted, Vv=VM code, C=native code)
C  [libasyncProfiler.dll+0x93004]  (no source info available)
C  [libasyncProfiler.dll+0x934db]  (no source info available)
C  [libasyncProfiler.dll+0x92134]  (no source info available)
C  [libasyncProfiler.dll+0x929aa]  (no source info available)
C  [libasyncProfiler.dll+0x8d561]  (no source info available)
C  [libasyncProfiler.dll+0x7ef21]  (no source info available)
C  [libasyncProfiler.dll+0x7dc38]  (no source info available)
C  [libasyncProfiler.dll+0x7db20]  (no source info available)
C  [libasyncProfiler.dll+0x84af9]  (no source info available)
V  [jvm.dll+0x57eff7]  (no source info available)
V  [jvm.dll+0x57fdac]  (no source info available)
V  [jvm.dll+0x14ca17]  (no source info available)
V  [jvm.dll+0x14dfe1]  (no source info available)
V  [jvm.dll+0x42f456]  (no source info available)
V  [jvm.dll+0x87d76b]  (no source info available)
V  [jvm.dll+0x72ee55]  (no source info available)
C  [ucrtbase.dll+0x37b0]  (no source info available)
C  [KERNEL32.DLL+0x2e8d7]  (no source info available)
C  [ntdll.dll+0x8d9c]  (no source info available)


siginfo: EXCEPTION_ACCESS_VIOLATION (0xc0000005), reading address 0xffffffffffffffff


Registers:
RAX=0x0000000000000010, RBX=0x0000000000000000, RCX=0xffffffffffffffff, RDX=0x007ff9001c301010
RSP=0x000000251a7fedc0, RBP=0x000001f1426034c0, RSI=0x000000251a7fef30, RDI=0x000001f1426034c0
R8 =0x0000000000000042, R9 =0x0000000715811f20, R10=0x00007ff900439fb0, R11=0x0000000000000002
R12=0x000000251a7fef30, R13=0x000001f188467ac0, R14=0x000001f142242cd8, R15=0x000001f142242cd8
RIP=0x00007ff93f033004, EFLAGS=0x0000000000010202

XMM[0]=0x0000000000000000 0x0000000000000000
XMM[1]=0x0000000000000000 0x0000000000000000
XMM[2]=0x0000000000000000 0x0000000000000000
XMM[3]=0x0000000000000000 0x0000000000000000
XMM[4]=0x0000000000000000 0x0000000000000000
XMM[5]=0x0000000000000000 0x0000000000000000
XMM[6]=0x0000000000000000 0x0000000000000000
XMM[7]=0x0000000000000000 0x0000000000000000
XMM[8]=0x0000000000000000 0x0000000000000000
XMM[9]=0x0000000000000000 0x0000000000000000
XMM[10]=0x0000000000000000 0x0000000000000000
XMM[11]=0x0000000000000000 0x0000000000000000
XMM[12]=0x0000000000000000 0x0000000000000000
XMM[13]=0x0000000000000000 0x0000000000000000
XMM[14]=0x0000000000000000 0x0000000000000000
XMM[15]=0x0000000000000000 0x0000000000000000
  MXCSR=0x00001fa0


Register to memory mapping:

RAX=0x0000000000000010 is an unknown value
RBX=0x0 is null
RCX=0xffffffffffffffff is an unknown value
RDX=0x007ff9001c301010 is an unknown value
RSP=0x000000251a7fedc0 is pointing into the stack for thread: 0x000001f142242910
RBP=0x000001f1426034c0 points into unknown readable memory: 0x0000000715811f20 | 20 1f 81 15 07 00 00 00
RSI=0x000000251a7fef30 is pointing into the stack for thread: 0x000001f142242910
RDI=0x000001f1426034c0 points into unknown readable memory: 0x0000000715811f20 | 20 1f 81 15 07 00 00 00
R8 =0x0000000000000042 is an unknown value
R9 =0x0000000715811f20 is an oop: java.lang.ref.Reference$ReferenceHandler 
{0x0000000715811f20} - klass: 'java/lang/ref/Reference$ReferenceHandler' - flags: 

 - ---- fields (total size 14 words):
 - 'threadLocalRandomProbe' 'I' @12  0 (0x00000000)
 - private volatile 'eetop' 'J' @16  2135708398400 (0x000001f14223f340)
 - private final 'tid' 'J' @24  16 (0x0000000000000010)
 - 'threadLocalRandomSeed' 'J' @32  0 (0x0000000000000000)
 - injected 'jvmti_thread_state' 'J' @40  2136884472944 (0x000001f1883d6c70)
 - 'threadLocalRandomSecondarySeed' 'I' @48  0 (0x00000000)
 - injected 'jvmti_VTMS_transition_disable_count' 'I' @52  0 (0x00000000)
 - injected 'jfr_epoch' 'S' @56  0 (0x0000)
 - volatile 'interrupted' 'Z' @58  false (0x00)
 - injected 'jvmti_is_in_VTMS_transition' 'Z' @59  false (0x00)
 - private volatile 'name' 'Ljava/lang/String;' @60  "Reference Handler"{0x00000007ffe0a568} (0xfffc14ad)
 - private volatile 'contextClassLoader' 'Ljava/lang/ClassLoader;' @64  null (0x00000000)
 - private final 'holder' 'Ljava/lang/Thread$FieldHolder;' @68  a 'java/lang/Thread$FieldHolder'{0x0000000715811fa0} (0xe2b023f4)
 - 'threadLocals' 'Ljava/lang/ThreadLocal$ThreadLocalMap;' @72  null (0x00000000)
 - 'inheritableThreadLocals' 'Ljava/lang/ThreadLocal$ThreadLocalMap;' @76  null (0x00000000)
 - private 'scopedValueBindings' 'Ljava/lang/Object;' @80  a 'java/lang/Class'{0x00000007ffe7c890} = 'java/lang/Thread' (0xfffcf912)
 - final 'interruptLock' 'Ljava/lang/Object;' @84  a 'java/lang/Object'{0x0000000715811f90} (0xe2b023f2)
 - private volatile 'parkBlocker' 'Ljava/lang/Object;' @88  null (0x00000000)
 - private 'nioBlocker' 'Lsun/nio/ch/Interruptible;' @92  null (0x00000000)
 - private 'cont' 'Ljdk/internal/vm/Continuation;' @96  null (0x00000000)
 - private volatile 'uncaughtExceptionHandler' 'Ljava/lang/Thread$UncaughtExceptionHandler;' @100  null (0x00000000)
 - private 'container' 'Ljdk/internal/vm/ThreadContainer;' @104  null (0x00000000)
 - private volatile 'headStackableScopes' 'Ljdk/internal/vm/StackableScope;' @108  null (0x00000000)
R10=0x00007ff900439fb0 jvm.dll
R11=0x0000000000000002 is an unknown value
R12=0x000000251a7fef30 is pointing into the stack for thread: 0x000001f142242910
R13=0x000001f188467ac0 points into unknown readable memory: 0x00007ff9003aa510 | 10 a5 3a 00 f9 7f 00 00
R14=0x000001f142242cd8 points into unknown readable memory: 0x00007ff9003a17b0 | b0 17 3a 00 f9 7f 00 00
R15=0x000001f142242cd8 points into unknown readable memory: 0x00007ff9003a17b0 | b0 17 3a 00 f9 7f 00 00

Top of Stack: (sp=0x000000251a7fedc0)
0x000000251a7fedc0:   000000251a7fef30 000001f1426034c0   0...%....4`B....
0x000000251a7fedd0:   0000000000000000 000001f1422463e0   .........c$B....
0x000000251a7fede0:   0000000000000027 00007ff93f0334db   '........4.?....
0x000000251a7fedf0:   0000000000000000 000001f142242cd8   .........,$B....
0x000000251a7fee00:   000000251a7fef01 0000000000000000   ....%...........
0x000000251a7fee10:   000001f188913c80 00007ff93f032134   .<......4!.?....
0x000000251a7fee20:   0000000000000000 0000000000000027   ........'.......
0x000000251a7fee30:   0000000000000000 0000000000000027   ........'.......
0x000000251a7fee40:   0000001100000003 000001f1426dbb40   ........@.mB....
0x000000251a7fee50:   000001f188913c80 000001f188913d1c   .<.......=......
0x000000251a7fee60:   000001f188913d28 0000000000001c08   (=..............
0x000000251a7fee70:   0000000000000000 0000000000000000   ................
0x000000251a7fee80:   0000000000000000 00007ff8ffc057d4   .........W......
0x000000251a7fee90:   00007ff93f18ae00 0000000000007dbc   ...?.....}......
0x000000251a7feea0:   00007ff93f18ae00 00000000ffffffff   ...?............
0x000000251a7feeb0:   0000000000000000 00007ff93f0329aa   .........).?....
0x000000251a7feec0:   000001f142242cd8 0000000000000000   .,$B............
0x000000251a7feed0:   000000251a7fef39 000001f188467ac0   9...%....zF.....
0x000000251a7feee0:   0000000000000004 0000000000000048   ........H.......
0x000000251a7feef0:   0000000800800310 0000000000000020   ........ .......
0x000000251a7fef00:   000001f142242cd8 00007ff93f18ae00   .,$B.......?....
0x000000251a7fef10:   000001f142240220 000001f1883d6c70    .$B....pl=.....
0x000000251a7fef20:   0000000800800390 000001f142242cd8   .........,$B....
0x000000251a7fef30:   000001f18aa84580 000001f18aa84a60   .E......`J......
0x000000251a7fef40:   000001f18aa84a60 00007ff93f18ae00   `J.........?....
0x000000251a7fef50:   000001f1427081a8 000000251a7ff0c8   ..pB........%...
0x000000251a7fef60:   000000251a7ff200 0000000000008840   ....%...@.......
0x000000251a7fef70:   000000251a7ff3e0 00007ff93f18ae50   ....%...P..?....
0x000000251a7fef80:   0000000000989680 0000000000989680   ................
0x000000251a7fef90:   000000251a7ff0a0 00007ff93f02d561   ....%...a..?....
0x000000251a7fefa0:   00007ff93f18ae00 00007ff93f18ae58   ...?....X..?....
0x000000251a7fefb0:   00007ff900000000 00007ff800000001   ................

Instructions: (pc=0x00007ff93f033004)
  0x00007ff93f032f04:   cc cc cc cc cc cc cc cc cc cc cc cc cc cc cc cc
  0x00007ff93f032f14:   cc cc cc cc cc cc cc cc cc cc cc cc cc cc cc cc
  0x00007ff93f032f24:   cc cc cc cc cc cc cc cc cc cc cc cc cc cc cc cc
  0x00007ff93f032f34:   cc cc cc cc cc cc cc cc cc cc cc cc cc cc cc cc
  0x00007ff93f032f44:   cc cc cc cc cc cc cc cc cc cc cc cc cc cc cc cc
  0x00007ff93f032f54:   cc cc cc cc cc cc cc cc cc cc cc cc cc cc cc cc
  0x00007ff93f032f64:   cc cc cc cc cc cc cc cc cc cc cc cc cc cc cc cc
  0x00007ff93f032f74:   cc cc cc cc cc cc cc cc cc cc cc cc cc cc cc cc
  0x00007ff93f032f84:   cc cc cc cc cc cc cc cc cc cc cc cc 40 57 48 83
  0x00007ff93f032f94:   ec 20 48 8b f9 48 8b 0d 30 80 15 00 48 85 c9 74
  0x00007ff93f032fa4:   20 48 8b 01 48 8d 54 24 38 41 b8 06 00 01 00 4c
  0x00007ff93f032fb4:   8b 48 30 41 ff d1 85 c0 75 07 48 8b 4c 24 38 eb
  0x00007ff93f032fc4:   02 33 c9 4c 8b 05 0a 81 15 00 48 89 5c 24 30 4d
  0x00007ff93f032fd4:   85 c0 74 4a 48 8b 01 48 8b d7 4c 8b 88 28 03 00
  0x00007ff93f032fe4:   00 41 ff d1 48 85 c0 74 35 48 63 0d b8 3d 15 00
  0x00007ff93f032ff4:   48 8b 14 01 48 85 d2 74 15 48 63 05 bc 3d 15 00
=>0x00007ff93f033004:   8b 04 10 48 8b 5c 24 30 48 83 c4 20 5f c3 b8 ff
  0x00007ff93f033014:   ff ff ff 48 8b 5c 24 30 48 83 c4 20 5f c3 80 3d
  0x00007ff93f033024:   bb 7f 15 00 00 bb ff ff ff ff 74 20 4c 8b 0d 51
  0x00007ff93f033034:   7c 15 00 4c 8d 44 24 38 48 8b 0d 35 7c 15 00 48
  0x00007ff93f033044:   8b d7 41 ff d1 85 c0 0f 44 5c 24 38 8b c3 48 8b
  0x00007ff93f033054:   5c 24 30 48 83 c4 20 5f c3 cc cc cc cc cc cc cc
  0x00007ff93f033064:   cc cc cc cc cc cc cc cc cc cc cc cc cc cc cc cc
  0x00007ff93f033074:   cc cc cc cc cc cc cc cc cc cc cc cc cc cc cc cc
  0x00007ff93f033084:   cc cc cc cc cc cc cc cc cc cc cc cc 48 89 54 24
  0x00007ff93f033094:   10 53 55 56 57 41 56 41 57 48 83 ec 28 48 8b f2
  0x00007ff93f0330a4:   4c 8b f1 48 89 4c 24 78 45 33 ff 44 89 7c 24 68
  0x00007ff93f0330b4:   c7 44 24 60 01 00 00 00 48 8d 4c 24 68 e8 69 3c
  0x00007ff93f0330c4:   f7 ff 8b d8 48 8d 4c 24 60 e8 5d 3c f7 ff 8b e8
  0x00007ff93f0330d4:   49 8b ce e8 33 f3 f6 ff 48 8b f8 90 8b c3 f0 0f
  0x00007ff93f0330e4:   b1 2f 74 04 f3 90 eb f4 4c 89 3e 4c 89 7e 08 4c
  0x00007ff93f0330f4:   89 7e 10 49 8b 6e 08 4d 8b 76 10 49 3b ee 0f 84


Stack slot to memory mapping:

stack at sp + 0 slots: 0x000000251a7fef30 is pointing into the stack for thread: 0x000001f142242910
stack at sp + 1 slots: 0x000001f1426034c0 points into unknown readable memory: 0x0000000715811f20 | 20 1f 81 15 07 00 00 00
stack at sp + 2 slots: 0x0 is null
stack at sp + 3 slots: 0x000001f1422463e0 points into unknown readable memory: 0x6e616c2e6176616a | 6a 61 76 61 2e 6c 61 6e
stack at sp + 4 slots: 0x0000000000000027 is an unknown value
stack at sp + 5 slots: 0x00007ff93f0334db libasyncProfiler.dll
stack at sp + 6 slots: 0x0 is null
stack at sp + 7 slots: 0x000001f142242cd8 points into unknown readable memory: 0x00007ff9003a17b0 | b0 17 3a 00 f9 7f 00 00

Lock stack of current Java thread (top to bottom):


---------------  P R O C E S S  ---------------

Threads class SMR info:
_java_thread_list=0x000001f1426f1c00, length=28, elements={
0x000001f14223f340, 0x000001f14223fa80, 0x000001f1422421d0, 0x000001f142242910,
0x000001f1422472c0, 0x000001f142248b40, 0x000001f1422495b0, 0x000001f142249e70,
0x000001f142491b60, 0x000001f1424816c0, 0x000001f142483e10, 0x000001f1424b13b0,
0x000001f1424ba570, 0x000001f1424bcee0, 0x000001f142bbae00, 0x000001f142ba0f50,
0x000001f142ba00b0, 0x000001f142ba0800, 0x000001f142b9f210, 0x000001f142939330,
0x000001f142b9ba20, 0x000001f142b9dc20, 0x000001f188955610, 0x000001f18a6bb200,
0x000001f1886abf30, 0x000001f188912fe0, 0x000001f188917b90, 0x000001f1426e0f50
}

Java Threads: ( => current thread )
  0x000001f14223f340 JavaThread "Reference Handler"          daemon [_thread_blocked, id=11964, stack(0x000000251a400000,0x000000251a500000) (1024K)]
  0x000001f14223fa80 JavaThread "Finalizer"                  daemon [_thread_blocked, id=11848, stack(0x000000251a500000,0x000000251a600000) (1024K)]
  0x000001f1422421d0 JavaThread "Signal Dispatcher"          daemon [_thread_blocked, id=3996, stack(0x000000251a600000,0x000000251a700000) (1024K)]
=>0x000001f142242910 JavaThread "Attach Listener"            daemon [_thread_in_native, id=7732, stack(0x000000251a700000,0x000000251a800000) (1024K)]
  0x000001f1422472c0 JavaThread "Service Thread"             daemon [_thread_blocked, id=23916, stack(0x000000251a800000,0x000000251a900000) (1024K)]
  0x000001f142248b40 JavaThread "Monitor Deflation Thread"   daemon [_thread_blocked, id=1908, stack(0x000000251a900000,0x000000251aa00000) (1024K)]
  0x000001f1422495b0 JavaThread "C2 CompilerThread0"         daemon [_thread_blocked, id=8332, stack(0x000000251aa00000,0x000000251ab00000) (1024K)]
  0x000001f142249e70 JavaThread "C1 CompilerThread0"         daemon [_thread_blocked, id=3696, stack(0x000000251ab00000,0x000000251ac00000) (1024K)]
  0x000001f142491b60 JavaThread "Common-Cleaner"             daemon [_thread_blocked, id=8904, stack(0x000000251b000000,0x000000251b100000) (1024K)]
  0x000001f1424816c0 JavaThread "Monitor Ctrl-Break"         daemon [_thread_in_native, id=2288, stack(0x000000251b100000,0x000000251b200000) (1024K)]
  0x000001f142483e10 JavaThread "Notification Thread"        daemon [_thread_blocked, id=18256, stack(0x000000251b200000,0x000000251b300000) (1024K)]
  0x000001f1424b13b0 JavaThread "Servidor-Trabajador-1"             [_thread_blocked, id=18428, stack(0x000000251b300000,0x000000251b400000) (1024K)]
  0x000001f1424ba570 JavaThread "Servidor-Trabajador-2"             [_thread_blocked, id=29276, stack(0x000000251b400000,0x000000251b500000) (1024K)]
  0x000001f1424bcee0 JavaThread "Servidor-Trabajador-3"             [_thread_blocked, id=25716, stack(0x000000251b500000,0x000000251b600000) (1024K)]
  0x000001f142bbae00 JavaThread "RMI TCP Accept-0"           daemon [_thread_in_native, id=32436, stack(0x000000251bd00000,0x000000251be00000) (1024K)]
  0x000001f142ba0f50 JavaThread "RMI TCP Connection(1)-192.168.100.9" daemon [_thread_in_native, id=21212, stack(0x000000251be00000,0x000000251bf00000) (1024K)]
  0x000001f142ba00b0 JavaThread "RMI Scheduler(0)"           daemon [_thread_blocked, id=29420, stack(0x000000251bf00000,0x000000251c000000) (1024K)]
  0x000001f142ba0800 JavaThread "JMX server connection timeout 52" daemon [_thread_blocked, id=7464, stack(0x000000251c000000,0x000000251c100000) (1024K)]
  0x000001f142b9f210 JavaThread "DestroyJavaVM"                     [_thread_blocked, id=20036, stack(0x0000002519c00000,0x0000002519d00000) (1024K)]
  0x000001f142939330 JavaThread "C2 CompilerThread1"         daemon [_thread_blocked, id=14688, stack(0x000000251ac00000,0x000000251ad00000) (1024K)]
  0x000001f142b9ba20 JavaThread "C1 CompilerThread1"         daemon [_thread_blocked, id=18844, stack(0x000000251ad00000,0x000000251ae00000) (1024K)]
  0x000001f142b9dc20 JavaThread "JFR Recorder Thread"        daemon [_thread_in_native, id=25988, stack(0x000000251ae00000,0x000000251af00000) (1024K)]
  0x000001f188955610 JavaThread "C1 CompilerThread2"         daemon [_thread_blocked, id=33560, stack(0x000000251af00000,0x000000251b000000) (1024K)]
  0x000001f18a6bb200 JavaThread "C1 CompilerThread3"         daemon [_thread_blocked, id=22964, stack(0x000000251b600000,0x000000251b700000) (1024K)]
  0x000001f1886abf30 JavaThread "C1 CompilerThread4"         daemon [_thread_blocked, id=7692, stack(0x000000251b700000,0x000000251b800000) (1024K)]
  0x000001f188912fe0 JavaThread "C2 CompilerThread2"         daemon [_thread_blocked, id=21692, stack(0x000000251b800000,0x000000251b900000) (1024K)]
  0x000001f188917b90 JavaThread "C2 CompilerThread3"         daemon [_thread_blocked, id=6844, stack(0x000000251b900000,0x000000251ba00000) (1024K)]
  0x000001f1426e0f50 JavaThread "JFR Periodic Tasks"         daemon [_thread_blocked, id=7176, stack(0x000000251ba00000,0x000000251bb00000) (1024K)]
Total: 28

Other Threads:
  0x000001f142230aa0 VMThread "VM Thread"                           [id=15412, stack(0x000000251a300000,0x000000251a400000) (1024K)]
  0x000001f11ec63de0 WatcherThread "VM Periodic Task Thread"        [id=17016, stack(0x000000251a200000,0x000000251a300000) (1024K)]
  0x000001f11ecd7a50 WorkerThread "GC Thread#0"                     [id=22152, stack(0x0000002519d00000,0x0000002519e00000) (1024K)]
  0x000001f11ecec5f0 ConcurrentGCThread "G1 Main Marker"            [id=13380, stack(0x0000002519e00000,0x0000002519f00000) (1024K)]
  0x000001f11eceeca0 WorkerThread "G1 Conc#0"                       [id=11936, stack(0x0000002519f00000,0x000000251a000000) (1024K)]
  0x000001f141402400 ConcurrentGCThread "G1 Refine#0"               [id=20748, stack(0x000000251a000000,0x000000251a100000) (1024K)]
  0x000001f141402a30 ConcurrentGCThread "G1 Service"                [id=32180, stack(0x000000251a100000,0x000000251a200000) (1024K)]
Total: 7

Threads with active compile tasks:
Total: 0

VM state: not at safepoint (normal execution)

VM Mutex/Monitor currently owned by a thread: None

Heap address: 0x0000000705e00000, size: 4002 MB, Compressed Oops mode: Zero based, Oop shift amount: 3

CDS archive(s) mapped at: [0x000001f143000000-0x000001f143d40000-0x000001f143d40000), size 13893632, SharedBaseAddress: 0x000001f143000000, ArchiveRelocationMode: 1.
Compressed class space mapped at: 0x000001f144000000-0x000001f184000000, reserved size: 1073741824
UseCompressedClassPointers 1, UseCompactObjectHeaders 0
Narrow klass pointer bits 32, Max shift 3
Narrow klass base: 0x000001f143000000, Narrow klass shift: 0
Encoding Range: [0x000001f143000000 - 0x000001f243000000), (4294967296 bytes)
Klass Range:    [0x000001f143000000 - 0x000001f184000000), (1090519040 bytes)
Klass ID Range:  [8 - 1090519033) (1090519025)

GC Precious Log:
 CardTable entry size: 512
 Card Set container configuration: InlinePtr #cards 4 size 8 Array Of Cards #cards 16 size 48 Howl #buckets 8 coarsen threshold 3686 Howl Bitmap #cards 512 size 80 coarsen threshold 460 Card regions per heap region 1 cards per card region 4096
 CPUs: 32 total, 32 available
 Memory: 16002M
 Large Page Support: Disabled
 NUMA Support: Disabled
 Compressed Oops: Enabled (Zero based)
 Heap Region Size: 2M
 Heap Min Capacity: 8M
 Heap Initial Capacity: 252M
 Heap Max Capacity: 4002M
 Pre-touch: Disabled
 Parallel Workers: 23
 Concurrent Workers: 6
 Concurrent Refinement Workers: 23
 Periodic GC: Disabled

Heap:
 garbage-first heap   total reserved 4098048K, committed 260096K, used 46196K [0x0000000705e00000, 0x0000000800000000)
  region size 2048K, 23 young (47104K), 0 survivors (0K)
 Metaspace       used 7966K, committed 8256K, reserved 1114112K
  class space    used 735K, committed 896K, reserved 1048576K

Heap Regions: E=young(eden), S=young(survivor), O=old, HS=humongous(starts), HC=humongous(continues), CS=collection set, F=free, TAMS=top-at-mark-start, PB=parsable bottom
|   0|0x0000000705e00000, 0x0000000705e00000, 0x0000000706000000|  0%| F|  |TAMS 0x0000000705e00000| PB 0x0000000705e00000| Untracked |  0
|   1|0x0000000706000000, 0x0000000706000000, 0x0000000706200000|  0%| F|  |TAMS 0x0000000706000000| PB 0x0000000706000000| Untracked |  0
|   2|0x0000000706200000, 0x0000000706200000, 0x0000000706400000|  0%| F|  |TAMS 0x0000000706200000| PB 0x0000000706200000| Untracked |  0
|   3|0x0000000706400000, 0x0000000706400000, 0x0000000706600000|  0%| F|  |TAMS 0x0000000706400000| PB 0x0000000706400000| Untracked |  0
|   4|0x0000000706600000, 0x0000000706600000, 0x0000000706800000|  0%| F|  |TAMS 0x0000000706600000| PB 0x0000000706600000| Untracked |  0
|   5|0x0000000706800000, 0x0000000706800000, 0x0000000706a00000|  0%| F|  |TAMS 0x0000000706800000| PB 0x0000000706800000| Untracked |  0
|   6|0x0000000706a00000, 0x0000000706a00000, 0x0000000706c00000|  0%| F|  |TAMS 0x0000000706a00000| PB 0x0000000706a00000| Untracked |  0
|   7|0x0000000706c00000, 0x0000000706c00000, 0x0000000706e00000|  0%| F|  |TAMS 0x0000000706c00000| PB 0x0000000706c00000| Untracked |  0
|   8|0x0000000706e00000, 0x0000000706e00000, 0x0000000707000000|  0%| F|  |TAMS 0x0000000706e00000| PB 0x0000000706e00000| Untracked |  0
|   9|0x0000000707000000, 0x0000000707000000, 0x0000000707200000|  0%| F|  |TAMS 0x0000000707000000| PB 0x0000000707000000| Untracked |  0
|  10|0x0000000707200000, 0x0000000707200000, 0x0000000707400000|  0%| F|  |TAMS 0x0000000707200000| PB 0x0000000707200000| Untracked |  0
|  11|0x0000000707400000, 0x0000000707400000, 0x0000000707600000|  0%| F|  |TAMS 0x0000000707400000| PB 0x0000000707400000| Untracked |  0
|  12|0x0000000707600000, 0x0000000707600000, 0x0000000707800000|  0%| F|  |TAMS 0x0000000707600000| PB 0x0000000707600000| Untracked |  0
|  13|0x0000000707800000, 0x0000000707800000, 0x0000000707a00000|  0%| F|  |TAMS 0x0000000707800000| PB 0x0000000707800000| Untracked |  0
|  14|0x0000000707a00000, 0x0000000707a00000, 0x0000000707c00000|  0%| F|  |TAMS 0x0000000707a00000| PB 0x0000000707a00000| Untracked |  0
|  15|0x0000000707c00000, 0x0000000707c00000, 0x0000000707e00000|  0%| F|  |TAMS 0x0000000707c00000| PB 0x0000000707c00000| Untracked |  0
|  16|0x0000000707e00000, 0x0000000707e00000, 0x0000000708000000|  0%| F|  |TAMS 0x0000000707e00000| PB 0x0000000707e00000| Untracked |  0
|  17|0x0000000708000000, 0x0000000708000000, 0x0000000708200000|  0%| F|  |TAMS 0x0000000708000000| PB 0x0000000708000000| Untracked |  0
|  18|0x0000000708200000, 0x0000000708200000, 0x0000000708400000|  0%| F|  |TAMS 0x0000000708200000| PB 0x0000000708200000| Untracked |  0
|  19|0x0000000708400000, 0x0000000708400000, 0x0000000708600000|  0%| F|  |TAMS 0x0000000708400000| PB 0x0000000708400000| Untracked |  0
|  20|0x0000000708600000, 0x0000000708600000, 0x0000000708800000|  0%| F|  |TAMS 0x0000000708600000| PB 0x0000000708600000| Untracked |  0
|  21|0x0000000708800000, 0x0000000708800000, 0x0000000708a00000|  0%| F|  |TAMS 0x0000000708800000| PB 0x0000000708800000| Untracked |  0
|  22|0x0000000708a00000, 0x0000000708a00000, 0x0000000708c00000|  0%| F|  |TAMS 0x0000000708a00000| PB 0x0000000708a00000| Untracked |  0
|  23|0x0000000708c00000, 0x0000000708c00000, 0x0000000708e00000|  0%| F|  |TAMS 0x0000000708c00000| PB 0x0000000708c00000| Untracked |  0
|  24|0x0000000708e00000, 0x0000000708e00000, 0x0000000709000000|  0%| F|  |TAMS 0x0000000708e00000| PB 0x0000000708e00000| Untracked |  0
|  25|0x0000000709000000, 0x0000000709000000, 0x0000000709200000|  0%| F|  |TAMS 0x0000000709000000| PB 0x0000000709000000| Untracked |  0
|  26|0x0000000709200000, 0x0000000709200000, 0x0000000709400000|  0%| F|  |TAMS 0x0000000709200000| PB 0x0000000709200000| Untracked |  0
|  27|0x0000000709400000, 0x0000000709400000, 0x0000000709600000|  0%| F|  |TAMS 0x0000000709400000| PB 0x0000000709400000| Untracked |  0
|  28|0x0000000709600000, 0x0000000709600000, 0x0000000709800000|  0%| F|  |TAMS 0x0000000709600000| PB 0x0000000709600000| Untracked |  0
|  29|0x0000000709800000, 0x0000000709800000, 0x0000000709a00000|  0%| F|  |TAMS 0x0000000709800000| PB 0x0000000709800000| Untracked |  0
|  30|0x0000000709a00000, 0x0000000709a00000, 0x0000000709c00000|  0%| F|  |TAMS 0x0000000709a00000| PB 0x0000000709a00000| Untracked |  0
|  31|0x0000000709c00000, 0x0000000709c00000, 0x0000000709e00000|  0%| F|  |TAMS 0x0000000709c00000| PB 0x0000000709c00000| Untracked |  0
|  32|0x0000000709e00000, 0x0000000709e00000, 0x000000070a000000|  0%| F|  |TAMS 0x0000000709e00000| PB 0x0000000709e00000| Untracked |  0
|  33|0x000000070a000000, 0x000000070a000000, 0x000000070a200000|  0%| F|  |TAMS 0x000000070a000000| PB 0x000000070a000000| Untracked |  0
|  34|0x000000070a200000, 0x000000070a200000, 0x000000070a400000|  0%| F|  |TAMS 0x000000070a200000| PB 0x000000070a200000| Untracked |  0
|  35|0x000000070a400000, 0x000000070a400000, 0x000000070a600000|  0%| F|  |TAMS 0x000000070a400000| PB 0x000000070a400000| Untracked |  0
|  36|0x000000070a600000, 0x000000070a600000, 0x000000070a800000|  0%| F|  |TAMS 0x000000070a600000| PB 0x000000070a600000| Untracked |  0
|  37|0x000000070a800000, 0x000000070a800000, 0x000000070aa00000|  0%| F|  |TAMS 0x000000070a800000| PB 0x000000070a800000| Untracked |  0
|  38|0x000000070aa00000, 0x000000070aa00000, 0x000000070ac00000|  0%| F|  |TAMS 0x000000070aa00000| PB 0x000000070aa00000| Untracked |  0
|  39|0x000000070ac00000, 0x000000070ac00000, 0x000000070ae00000|  0%| F|  |TAMS 0x000000070ac00000| PB 0x000000070ac00000| Untracked |  0
|  40|0x000000070ae00000, 0x000000070ae00000, 0x000000070b000000|  0%| F|  |TAMS 0x000000070ae00000| PB 0x000000070ae00000| Untracked |  0
|  41|0x000000070b000000, 0x000000070b000000, 0x000000070b200000|  0%| F|  |TAMS 0x000000070b000000| PB 0x000000070b000000| Untracked |  0
|  42|0x000000070b200000, 0x000000070b200000, 0x000000070b400000|  0%| F|  |TAMS 0x000000070b200000| PB 0x000000070b200000| Untracked |  0
|  43|0x000000070b400000, 0x000000070b400000, 0x000000070b600000|  0%| F|  |TAMS 0x000000070b400000| PB 0x000000070b400000| Untracked |  0
|  44|0x000000070b600000, 0x000000070b600000, 0x000000070b800000|  0%| F|  |TAMS 0x000000070b600000| PB 0x000000070b600000| Untracked |  0
|  45|0x000000070b800000, 0x000000070b800000, 0x000000070ba00000|  0%| F|  |TAMS 0x000000070b800000| PB 0x000000070b800000| Untracked |  0
|  46|0x000000070ba00000, 0x000000070ba00000, 0x000000070bc00000|  0%| F|  |TAMS 0x000000070ba00000| PB 0x000000070ba00000| Untracked |  0
|  47|0x000000070bc00000, 0x000000070bc00000, 0x000000070be00000|  0%| F|  |TAMS 0x000000070bc00000| PB 0x000000070bc00000| Untracked |  0
|  48|0x000000070be00000, 0x000000070be00000, 0x000000070c000000|  0%| F|  |TAMS 0x000000070be00000| PB 0x000000070be00000| Untracked |  0
|  49|0x000000070c000000, 0x000000070c000000, 0x000000070c200000|  0%| F|  |TAMS 0x000000070c000000| PB 0x000000070c000000| Untracked |  0
|  50|0x000000070c200000, 0x000000070c200000, 0x000000070c400000|  0%| F|  |TAMS 0x000000070c200000| PB 0x000000070c200000| Untracked |  0
|  51|0x000000070c400000, 0x000000070c400000, 0x000000070c600000|  0%| F|  |TAMS 0x000000070c400000| PB 0x000000070c400000| Untracked |  0
|  52|0x000000070c600000, 0x000000070c600000, 0x000000070c800000|  0%| F|  |TAMS 0x000000070c600000| PB 0x000000070c600000| Untracked |  0
|  53|0x000000070c800000, 0x000000070c800000, 0x000000070ca00000|  0%| F|  |TAMS 0x000000070c800000| PB 0x000000070c800000| Untracked |  0
|  54|0x000000070ca00000, 0x000000070ca00000, 0x000000070cc00000|  0%| F|  |TAMS 0x000000070ca00000| PB 0x000000070ca00000| Untracked |  0
|  55|0x000000070cc00000, 0x000000070cc00000, 0x000000070ce00000|  0%| F|  |TAMS 0x000000070cc00000| PB 0x000000070cc00000| Untracked |  0
|  56|0x000000070ce00000, 0x000000070ce00000, 0x000000070d000000|  0%| F|  |TAMS 0x000000070ce00000| PB 0x000000070ce00000| Untracked |  0
|  57|0x000000070d000000, 0x000000070d000000, 0x000000070d200000|  0%| F|  |TAMS 0x000000070d000000| PB 0x000000070d000000| Untracked |  0
|  58|0x000000070d200000, 0x000000070d200000, 0x000000070d400000|  0%| F|  |TAMS 0x000000070d200000| PB 0x000000070d200000| Untracked |  0
|  59|0x000000070d400000, 0x000000070d400000, 0x000000070d600000|  0%| F|  |TAMS 0x000000070d400000| PB 0x000000070d400000| Untracked |  0
|  60|0x000000070d600000, 0x000000070d600000, 0x000000070d800000|  0%| F|  |TAMS 0x000000070d600000| PB 0x000000070d600000| Untracked |  0
|  61|0x000000070d800000, 0x000000070d800000, 0x000000070da00000|  0%| F|  |TAMS 0x000000070d800000| PB 0x000000070d800000| Untracked |  0
|  62|0x000000070da00000, 0x000000070da00000, 0x000000070dc00000|  0%| F|  |TAMS 0x000000070da00000| PB 0x000000070da00000| Untracked |  0
|  63|0x000000070dc00000, 0x000000070dc00000, 0x000000070de00000|  0%| F|  |TAMS 0x000000070dc00000| PB 0x000000070dc00000| Untracked |  0
|  64|0x000000070de00000, 0x000000070de00000, 0x000000070e000000|  0%| F|  |TAMS 0x000000070de00000| PB 0x000000070de00000| Untracked |  0
|  65|0x000000070e000000, 0x000000070e000000, 0x000000070e200000|  0%| F|  |TAMS 0x000000070e000000| PB 0x000000070e000000| Untracked |  0
|  66|0x000000070e200000, 0x000000070e200000, 0x000000070e400000|  0%| F|  |TAMS 0x000000070e200000| PB 0x000000070e200000| Untracked |  0
|  67|0x000000070e400000, 0x000000070e400000, 0x000000070e600000|  0%| F|  |TAMS 0x000000070e400000| PB 0x000000070e400000| Untracked |  0
|  68|0x000000070e600000, 0x000000070e600000, 0x000000070e800000|  0%| F|  |TAMS 0x000000070e600000| PB 0x000000070e600000| Untracked |  0
|  69|0x000000070e800000, 0x000000070e800000, 0x000000070ea00000|  0%| F|  |TAMS 0x000000070e800000| PB 0x000000070e800000| Untracked |  0
|  70|0x000000070ea00000, 0x000000070ea00000, 0x000000070ec00000|  0%| F|  |TAMS 0x000000070ea00000| PB 0x000000070ea00000| Untracked |  0
|  71|0x000000070ec00000, 0x000000070ec00000, 0x000000070ee00000|  0%| F|  |TAMS 0x000000070ec00000| PB 0x000000070ec00000| Untracked |  0
|  72|0x000000070ee00000, 0x000000070ee00000, 0x000000070f000000|  0%| F|  |TAMS 0x000000070ee00000| PB 0x000000070ee00000| Untracked |  0
|  73|0x000000070f000000, 0x000000070f000000, 0x000000070f200000|  0%| F|  |TAMS 0x000000070f000000| PB 0x000000070f000000| Untracked |  0
|  74|0x000000070f200000, 0x000000070f200000, 0x000000070f400000|  0%| F|  |TAMS 0x000000070f200000| PB 0x000000070f200000| Untracked |  0
|  75|0x000000070f400000, 0x000000070f400000, 0x000000070f600000|  0%| F|  |TAMS 0x000000070f400000| PB 0x000000070f400000| Untracked |  0
|  76|0x000000070f600000, 0x000000070f600000, 0x000000070f800000|  0%| F|  |TAMS 0x000000070f600000| PB 0x000000070f600000| Untracked |  0
|  77|0x000000070f800000, 0x000000070f800000, 0x000000070fa00000|  0%| F|  |TAMS 0x000000070f800000| PB 0x000000070f800000| Untracked |  0
|  78|0x000000070fa00000, 0x000000070fa00000, 0x000000070fc00000|  0%| F|  |TAMS 0x000000070fa00000| PB 0x000000070fa00000| Untracked |  0
|  79|0x000000070fc00000, 0x000000070fc00000, 0x000000070fe00000|  0%| F|  |TAMS 0x000000070fc00000| PB 0x000000070fc00000| Untracked |  0
|  80|0x000000070fe00000, 0x000000070fe00000, 0x0000000710000000|  0%| F|  |TAMS 0x000000070fe00000| PB 0x000000070fe00000| Untracked |  0
|  81|0x0000000710000000, 0x0000000710000000, 0x0000000710200000|  0%| F|  |TAMS 0x0000000710000000| PB 0x0000000710000000| Untracked |  0
|  82|0x0000000710200000, 0x0000000710200000, 0x0000000710400000|  0%| F|  |TAMS 0x0000000710200000| PB 0x0000000710200000| Untracked |  0
|  83|0x0000000710400000, 0x0000000710400000, 0x0000000710600000|  0%| F|  |TAMS 0x0000000710400000| PB 0x0000000710400000| Untracked |  0
|  84|0x0000000710600000, 0x0000000710600000, 0x0000000710800000|  0%| F|  |TAMS 0x0000000710600000| PB 0x0000000710600000| Untracked |  0
|  85|0x0000000710800000, 0x0000000710800000, 0x0000000710a00000|  0%| F|  |TAMS 0x0000000710800000| PB 0x0000000710800000| Untracked |  0
|  86|0x0000000710a00000, 0x0000000710a00000, 0x0000000710c00000|  0%| F|  |TAMS 0x0000000710a00000| PB 0x0000000710a00000| Untracked |  0
|  87|0x0000000710c00000, 0x0000000710c00000, 0x0000000710e00000|  0%| F|  |TAMS 0x0000000710c00000| PB 0x0000000710c00000| Untracked |  0
|  88|0x0000000710e00000, 0x0000000710e00000, 0x0000000711000000|  0%| F|  |TAMS 0x0000000710e00000| PB 0x0000000710e00000| Untracked |  0
|  89|0x0000000711000000, 0x0000000711000000, 0x0000000711200000|  0%| F|  |TAMS 0x0000000711000000| PB 0x0000000711000000| Untracked |  0
|  90|0x0000000711200000, 0x0000000711200000, 0x0000000711400000|  0%| F|  |TAMS 0x0000000711200000| PB 0x0000000711200000| Untracked |  0
|  91|0x0000000711400000, 0x0000000711400000, 0x0000000711600000|  0%| F|  |TAMS 0x0000000711400000| PB 0x0000000711400000| Untracked |  0
|  92|0x0000000711600000, 0x0000000711600000, 0x0000000711800000|  0%| F|  |TAMS 0x0000000711600000| PB 0x0000000711600000| Untracked |  0
|  93|0x0000000711800000, 0x0000000711800000, 0x0000000711a00000|  0%| F|  |TAMS 0x0000000711800000| PB 0x0000000711800000| Untracked |  0
|  94|0x0000000711a00000, 0x0000000711a00000, 0x0000000711c00000|  0%| F|  |TAMS 0x0000000711a00000| PB 0x0000000711a00000| Untracked |  0
|  95|0x0000000711c00000, 0x0000000711c00000, 0x0000000711e00000|  0%| F|  |TAMS 0x0000000711c00000| PB 0x0000000711c00000| Untracked |  0
|  96|0x0000000711e00000, 0x0000000711e00000, 0x0000000712000000|  0%| F|  |TAMS 0x0000000711e00000| PB 0x0000000711e00000| Untracked |  0
|  97|0x0000000712000000, 0x0000000712000000, 0x0000000712200000|  0%| F|  |TAMS 0x0000000712000000| PB 0x0000000712000000| Untracked |  0
|  98|0x0000000712200000, 0x0000000712200000, 0x0000000712400000|  0%| F|  |TAMS 0x0000000712200000| PB 0x0000000712200000| Untracked |  0
|  99|0x0000000712400000, 0x0000000712400000, 0x0000000712600000|  0%| F|  |TAMS 0x0000000712400000| PB 0x0000000712400000| Untracked |  0
| 100|0x0000000712600000, 0x0000000712600000, 0x0000000712800000|  0%| F|  |TAMS 0x0000000712600000| PB 0x0000000712600000| Untracked |  0
| 101|0x0000000712800000, 0x0000000712800000, 0x0000000712a00000|  0%| F|  |TAMS 0x0000000712800000| PB 0x0000000712800000| Untracked |  0
| 102|0x0000000712a00000, 0x0000000712a00000, 0x0000000712c00000|  0%| F|  |TAMS 0x0000000712a00000| PB 0x0000000712a00000| Untracked |  0
| 103|0x0000000712c00000, 0x0000000712d0fca0, 0x0000000712e00000| 53%| E|  |TAMS 0x0000000712c00000| PB 0x0000000712c00000| Complete |  0
| 104|0x0000000712e00000, 0x0000000713000000, 0x0000000713000000|100%| E|CS|TAMS 0x0000000712e00000| PB 0x0000000712e00000| Complete |  0
| 105|0x0000000713000000, 0x0000000713200000, 0x0000000713200000|100%| E|CS|TAMS 0x0000000713000000| PB 0x0000000713000000| Complete |  0
| 106|0x0000000713200000, 0x0000000713400000, 0x0000000713400000|100%| E|CS|TAMS 0x0000000713200000| PB 0x0000000713200000| Complete |  0
| 107|0x0000000713400000, 0x0000000713600000, 0x0000000713600000|100%| E|CS|TAMS 0x0000000713400000| PB 0x0000000713400000| Complete |  0
| 108|0x0000000713600000, 0x0000000713800000, 0x0000000713800000|100%| E|CS|TAMS 0x0000000713600000| PB 0x0000000713600000| Complete |  0
| 109|0x0000000713800000, 0x0000000713a00000, 0x0000000713a00000|100%| E|CS|TAMS 0x0000000713800000| PB 0x0000000713800000| Complete |  0
| 110|0x0000000713a00000, 0x0000000713c00000, 0x0000000713c00000|100%| E|CS|TAMS 0x0000000713a00000| PB 0x0000000713a00000| Complete |  0
| 111|0x0000000713c00000, 0x0000000713e00000, 0x0000000713e00000|100%| E|CS|TAMS 0x0000000713c00000| PB 0x0000000713c00000| Complete |  0
| 112|0x0000000713e00000, 0x0000000714000000, 0x0000000714000000|100%| E|CS|TAMS 0x0000000713e00000| PB 0x0000000713e00000| Complete |  0
| 113|0x0000000714000000, 0x0000000714200000, 0x0000000714200000|100%| E|CS|TAMS 0x0000000714000000| PB 0x0000000714000000| Complete |  0
| 114|0x0000000714200000, 0x0000000714400000, 0x0000000714400000|100%| E|CS|TAMS 0x0000000714200000| PB 0x0000000714200000| Complete |  0
| 115|0x0000000714400000, 0x0000000714600000, 0x0000000714600000|100%| E|CS|TAMS 0x0000000714400000| PB 0x0000000714400000| Complete |  0
| 116|0x0000000714600000, 0x0000000714800000, 0x0000000714800000|100%| E|CS|TAMS 0x0000000714600000| PB 0x0000000714600000| Complete |  0
| 117|0x0000000714800000, 0x0000000714a00000, 0x0000000714a00000|100%| E|CS|TAMS 0x0000000714800000| PB 0x0000000714800000| Complete |  0
| 118|0x0000000714a00000, 0x0000000714c00000, 0x0000000714c00000|100%| E|CS|TAMS 0x0000000714a00000| PB 0x0000000714a00000| Complete |  0
| 119|0x0000000714c00000, 0x0000000714e00000, 0x0000000714e00000|100%| E|CS|TAMS 0x0000000714c00000| PB 0x0000000714c00000| Complete |  0
| 120|0x0000000714e00000, 0x0000000715000000, 0x0000000715000000|100%| E|CS|TAMS 0x0000000714e00000| PB 0x0000000714e00000| Complete |  0
| 121|0x0000000715000000, 0x0000000715200000, 0x0000000715200000|100%| E|CS|TAMS 0x0000000715000000| PB 0x0000000715000000| Complete |  0
| 122|0x0000000715200000, 0x0000000715400000, 0x0000000715400000|100%| E|CS|TAMS 0x0000000715200000| PB 0x0000000715200000| Complete |  0
| 123|0x0000000715400000, 0x0000000715600000, 0x0000000715600000|100%| E|CS|TAMS 0x0000000715400000| PB 0x0000000715400000| Complete |  0
| 124|0x0000000715600000, 0x0000000715800000, 0x0000000715800000|100%| E|CS|TAMS 0x0000000715600000| PB 0x0000000715600000| Complete |  0
| 125|0x0000000715800000, 0x0000000715a00000, 0x0000000715a00000|100%| E|CS|TAMS 0x0000000715800000| PB 0x0000000715800000| Complete |  0
|2000|0x00000007ffe00000, 0x00000007fff1d1c0, 0x0000000800000000| 55%| O|  |TAMS 0x00000007ffe00000| PB 0x00000007ffe00000| Untracked |  0

Card table byte_map: [0x000001f139fe0000,0x000001f13a7c0000] _byte_map_base: 0x000001f1367b1000

Marking Bits: (CMBitMap*) 0x000001f11ecd8160
 Bits: [0x000001f13a7c0000, 0x000001f13e648000)

Polling page: 0x000001f11e930000

Metaspace:

Usage:
  Non-class:      7.06 MB used.
      Class:    735.05 KB used.
       Both:      7.78 MB used.

Virtual space:
  Non-class space:       64.00 MB reserved,       7.19 MB ( 11%) committed,  1 nodes.
      Class space:        1.00 GB reserved,     896.00 KB ( <1%) committed,  1 nodes.
             Both:        1.06 GB reserved,       8.06 MB ( <1%) committed. 

Chunk freelists:
   Non-Class:  8.47 MB
       Class:  15.18 MB
        Both:  23.65 MB

MaxMetaspaceSize: unlimited
CompressedClassSpaceSize: 1.00 GB
Initial GC threshold: 21.00 MB
Current GC threshold: 21.00 MB
CDS: on
 - commit_granule_bytes: 65536.
 - commit_granule_words: 8192.
 - virtual_space_node_default_size: 8388608.
 - enlarge_chunks_in_place: 1.
UseCompressedClassPointers 1, UseCompactObjectHeaders 0
Narrow klass pointer bits 32, Max shift 3
Narrow klass base: 0x000001f143000000, Narrow klass shift: 0
Encoding Range: [0x000001f143000000 - 0x000001f243000000), (4294967296 bytes)
Klass Range:    [0x000001f143000000 - 0x000001f184000000), (1090519040 bytes)
Klass ID Range:  [8 - 1090519033) (1090519025)


Internal statistics:

num_allocs_failed_limit: 0.
num_arena_births: 214.
num_arena_deaths: 0.
num_vsnodes_births: 2.
num_vsnodes_deaths: 0.
num_space_committed: 129.
num_space_uncommitted: 0.
num_chunks_returned_to_freelist: 0.
num_chunks_taken_from_freelist: 294.
num_chunk_merges: 0.
num_chunk_splits: 164.
num_chunks_enlarged: 51.
num_inconsistent_stats: 0.

CodeHeap 'non-profiled nmethods': size=118912Kb used=737Kb max_used=737Kb free=118174Kb
 bounds [0x000001f130960000, 0x000001f130bd0000, 0x000001f137d80000]
CodeHeap 'profiled nmethods': size=118848Kb used=3384Kb max_used=3384Kb free=115464Kb
 bounds [0x000001f128d80000, 0x000001f1290d0000, 0x000001f130190000]
CodeHeap 'non-nmethods': size=8000Kb used=3585Kb max_used=3729Kb free=4414Kb
 bounds [0x000001f130190000, 0x000001f130540000, 0x000001f130960000]
CodeCache: size=245760Kb, used=7706Kb, max_used=7850Kb, free=238052Kb
 total_blobs=2789, nmethods=2284, adapters=406, full_count=0
Compilation: enabled, stopped_count=0, restarted_count=0

Compilation events (20 events):
Event: 9.236 Thread 0x000001f142249e70 nmethod 2279 0x000001f1290ca708 code [0x000001f1290ca840, 0x000001f1290caa48]
Event: 9.236 Thread 0x000001f1886abf30 nmethod 2276 0x000001f130a0a508 code [0x000001f130a0a600, 0x000001f130a0a6c8]
Event: 9.236 Thread 0x000001f142b9ba20 2274       1       jdk.jfr.internal.EventControl::getSettingsId (5 bytes)
Event: 9.236 Thread 0x000001f142249e70 2275       1       jdk.jfr.internal.EventControl::getNamedControls (5 bytes)
Event: 9.236 Thread 0x000001f142b9ba20 nmethod 2274 0x000001f130a0a808 code [0x000001f130a0a900, 0x000001f130a0a9c8]
Event: 9.236 Thread 0x000001f142249e70 nmethod 2275 0x000001f130a0ab08 code [0x000001f130a0ac00, 0x000001f130a0acc8]
Event: 9.236 Thread 0x000001f188917b90 2257       4       java.lang.String::startsWith (7 bytes)
Event: 9.236 Thread 0x000001f18a6bb200 nmethod 2280 0x000001f1290caa88 code [0x000001f1290caca0, 0x000001f1290cbc88]
Event: 9.236 Thread 0x000001f188955610 nmethod 2277 0x000001f1290cbd08 code [0x000001f1290cbfa0, 0x000001f1290cd3f8]
Event: 9.238 Thread 0x000001f188912fe0 nmethod 2231 0x000001f130a0ae08 code [0x000001f130a0b060, 0x000001f130a0bca8]
Event: 9.238 Thread 0x000001f142939330 nmethod 2249 0x000001f130a0bd88 code [0x000001f130a0bee0, 0x000001f130a0c4c0]
Event: 9.238 Thread 0x000001f18a6bb200 2281       1       jdk.jfr.internal.periodic.EventTask::getEventType (5 bytes)
Event: 9.238 Thread 0x000001f188955610 2282       1       jdk.jfr.internal.periodic.PeriodicTask::getPeriod (5 bytes)
Event: 9.238 Thread 0x000001f18a6bb200 nmethod 2281 0x000001f130a0c508 code [0x000001f130a0c600, 0x000001f130a0c6c8]
Event: 9.238 Thread 0x000001f188955610 nmethod 2282 0x000001f130a0c808 code [0x000001f130a0c900, 0x000001f130a0c9c8]
Event: 9.238 Thread 0x000001f142b9ba20 2283       3       java.util.Comparator$$Lambda/0x000001f1440e2c30::compare (10 bytes)
Event: 9.238 Thread 0x000001f1886abf30 2284       3       java.util.Comparator::lambda$comparingLong$6043328a$1 (18 bytes)
Event: 9.238 Thread 0x000001f188917b90 nmethod 2257 0x000001f130a0cb08 code [0x000001f130a0cc20, 0x000001f130a0cea8]
Event: 9.239 Thread 0x000001f1886abf30 nmethod 2284 0x000001f1290cd488 code [0x000001f1290cd5e0, 0x000001f1290cd9c0]
Event: 9.239 Thread 0x000001f142b9ba20 nmethod 2283 0x000001f1290cda08 code [0x000001f1290cdb60, 0x000001f1290cdfd8]

GC Heap History (0 events):
No events

Dll operation events (12 events):
Event: 0.007 Loaded shared library C:\Program Files\Java\jdk-24\bin\java.dll
Event: 0.026 Loaded shared library C:\Program Files\Java\jdk-24\bin\jsvml.dll
Event: 0.045 Loaded shared library C:\Program Files\Java\jdk-24\bin\zip.dll
Event: 0.047 Loaded shared library C:\Program Files\Java\jdk-24\bin\instrument.dll
Event: 0.050 Loaded shared library C:\Program Files\Java\jdk-24\bin\net.dll
Event: 0.051 Loaded shared library C:\Program Files\Java\jdk-24\bin\nio.dll
Event: 0.053 Loaded shared library C:\Program Files\Java\jdk-24\bin\zip.dll
Event: 0.067 Loaded shared library C:\Program Files\Java\jdk-24\bin\extnet.dll
Event: 0.119 Loaded shared library C:\Program Files\Java\jdk-24\bin\jimage.dll
Event: 0.137 Loaded shared library C:\Program Files\Java\jdk-24\bin\management.dll
Event: 0.141 Loaded shared library C:\Program Files\Java\jdk-24\bin\management_ext.dll
Event: 9.109 Loaded shared library C:\Users\jesus\AppData\Local\Temp\idea_libasyncProfiler_dll_temp_folder5\libasyncProfiler.dll

Deoptimization events (20 events):
Event: 9.195 Thread 0x000001f142242910 Uncommon trap: trap_request=0xffffffcc fr.pc=0x000001f1309f757c relative=0x00000000000003bc
Event: 9.195 Thread 0x000001f142242910 Uncommon trap: reason=intrinsic_or_type_checked_inlining action=make_not_entrant pc=0x000001f1309f757c method=java.util.Arrays.copyOf([Ljava/lang/Object;ILjava/lang/Class;)[Ljava/lang/Object; @ 35 c2
Event: 9.196 Thread 0x000001f142242910 DEOPT PACKING pc=0x000001f1309f757c sp=0x000000251a7fe1a0
Event: 9.196 Thread 0x000001f142242910 DEOPT UNPACKING pc=0x000001f1302a8602 sp=0x000000251a7fe130 mode 2
Event: 9.229 Thread 0x000001f142242910 Uncommon trap: trap_request=0xffffff4d fr.pc=0x000001f130a053ac relative=0x000000000000020c
Event: 9.229 Thread 0x000001f142242910 Uncommon trap: reason=unstable_if action=reinterpret pc=0x000001f130a053ac method=java.io.ByteArrayOutputStream.ensureCapacity(I)V @ 11 c2
Event: 9.229 Thread 0x000001f142242910 DEOPT PACKING pc=0x000001f130a053ac sp=0x000000251a7fe4b0
Event: 9.229 Thread 0x000001f142242910 DEOPT UNPACKING pc=0x000001f1302a8602 sp=0x000000251a7fe3e8 mode 2
Event: 9.231 Thread 0x000001f142242910 Uncommon trap: trap_request=0xffffff4d fr.pc=0x000001f130a05970 relative=0x00000000000003d0
Event: 9.231 Thread 0x000001f142242910 Uncommon trap: reason=unstable_if action=reinterpret pc=0x000001f130a05970 method=java.io.ByteArrayOutputStream.ensureCapacity(I)V @ 11 c2
Event: 9.231 Thread 0x000001f142242910 DEOPT PACKING pc=0x000001f130a05970 sp=0x000000251a7fe410
Event: 9.231 Thread 0x000001f142242910 DEOPT UNPACKING pc=0x000001f1302a8602 sp=0x000000251a7fe2f0 mode 2
Event: 9.272 Thread 0x000001f1424bcee0 Uncommon trap: trap_request=0xffffff4d fr.pc=0x000001f1309ce26c relative=0x000000000000260c
Event: 9.272 Thread 0x000001f1424bcee0 Uncommon trap: reason=unstable_if action=reinterpret pc=0x000001f1309ce26c method=java.io.FileOutputStream.write([BII)V @ 17 c2
Event: 9.272 Thread 0x000001f1424bcee0 DEOPT PACKING pc=0x000001f1309ce26c sp=0x000000251b5ff180
Event: 9.272 Thread 0x000001f1424bcee0 DEOPT UNPACKING pc=0x000001f1302a8602 sp=0x000000251b5fed88 mode 2
Event: 9.272 Thread 0x000001f1424bcee0 Uncommon trap: trap_request=0xffffff4d fr.pc=0x000001f1309c703c relative=0x000000000000035c
Event: 9.272 Thread 0x000001f1424bcee0 Uncommon trap: reason=unstable_if action=reinterpret pc=0x000001f1309c703c method=java.io.FileOutputStream.write([BII)V @ 17 c2
Event: 9.272 Thread 0x000001f1424bcee0 DEOPT PACKING pc=0x000001f1309c703c sp=0x000000251b5feda0
Event: 9.272 Thread 0x000001f1424bcee0 DEOPT UNPACKING pc=0x000001f1302a8602 sp=0x000000251b5fec00 mode 2

Classes loaded (20 events):
Event: 9.223 Loading class jdk/jfr/internal/MetadataWriter
Event: 9.223 Loading class jdk/jfr/internal/MetadataWriter done
Event: 9.223 Loading class jdk/jfr/internal/MetadataDescriptor$Element
Event: 9.223 Loading class jdk/jfr/internal/MetadataDescriptor$Element done
Event: 9.223 Loading class jdk/jfr/internal/MetadataDescriptor$Attribute
Event: 9.223 Loading class jdk/jfr/internal/MetadataDescriptor$Attribute done
Event: 9.227 Loading class jdk/jfr/internal/consumer/StringParser$Encoding
Event: 9.227 Loading class jdk/jfr/internal/consumer/StringParser$Encoding done
Event: 9.232 Loading class jdk/jfr/internal/consumer/RepositoryFiles
Event: 9.232 Loading class jdk/jfr/internal/consumer/RepositoryFiles done
Event: 9.234 Loading class jdk/jfr/internal/SettingsManager$InternalSetting
Event: 9.234 Loading class jdk/jfr/internal/SettingsManager$InternalSetting done
Event: 9.234 Loading class jdk/jfr/internal/util/Rate
Event: 9.234 Loading class jdk/jfr/internal/util/Rate done
Event: 9.235 Loading class jdk/jfr/internal/util/TimespanUnit
Event: 9.235 Loading class jdk/jfr/internal/util/TimespanUnit done
Event: 9.235 Loading class jdk/jfr/internal/util/ValueParser
Event: 9.235 Loading class jdk/jfr/internal/util/ValueParser done
Event: 9.236 Loading class jdk/jfr/internal/periodic/PeriodicType
Event: 9.236 Loading class jdk/jfr/internal/periodic/PeriodicType done

Classes unloaded (0 events):
No events

Classes redefined (0 events):
No events

Internal exceptions (20 events):
Event: 0.355 Thread 0x000001f142ba0f50 Exception <a 'java/lang/NoSuchMethodError'{0x0000000714158640}: 'double java.lang.invoke.DirectMethodHandle$Holder.invokeInterface(java.lang.Object, java.lang.Object)'> (0x0000000714158640) 
thrown [s\open\src\hotspot\share\interpreter\linkResolver.cpp, line 805]
Event: 0.356 Thread 0x000001f142ba0f50 Exception <a 'java/lang/NoSuchMethodError'{0x00000007141692b0}: 'double java.lang.invoke.DelegatingMethodHandle$Holder.reinvoke_L(java.lang.Object, java.lang.Object)'> (0x00000007141692b0) 
thrown [s\open\src\hotspot\share\interpreter\linkResolver.cpp, line 805]
Event: 0.722 Thread 0x000001f142ba0f50 Exception <a 'java/lang/NoSuchMethodError'{0x0000000714190ee0}: 'long java.lang.invoke.DirectMethodHandle$Holder.invokeVirtual(java.lang.Object, java.lang.Object)'> (0x0000000714190ee0) 
thrown [s\open\src\hotspot\share\interpreter\linkResolver.cpp, line 805]
Event: 0.722 Thread 0x000001f142ba0f50 Exception <a 'java/lang/NoSuchMethodError'{0x00000007141991d0}: 'java.lang.Object java.lang.invoke.DirectMethodHandle$Holder.invokeStatic(java.lang.Object, long)'> (0x00000007141991d0) 
thrown [s\open\src\hotspot\share\interpreter\linkResolver.cpp, line 805]
Event: 0.722 Thread 0x000001f142ba0f50 Exception <a 'java/lang/NoSuchMethodError'{0x00000007141a9278}: 'long java.lang.invoke.DelegatingMethodHandle$Holder.reinvoke_L(java.lang.Object, java.lang.Object)'> (0x00000007141a9278) 
thrown [s\open\src\hotspot\share\interpreter\linkResolver.cpp, line 805]
Event: 2.235 Thread 0x000001f1424eef90 Exception <a 'java/lang/NoSuchMethodError'{0x0000000713c18b18}: 'java.lang.Object java.lang.invoke.DelegatingMethodHandle$Holder.reinvoke_L(java.lang.Object, java.lang.Object, int, int, int)'> (0x0000000713c18b18) 
thrown [s\open\src\hotspot\share\interpreter\linkResolver.cpp, line 805]
Event: 2.435 Thread 0x000001f1424eef90 Exception <a 'java/lang/NoSuchMethodError'{0x0000000713c42228}: 'java.lang.Object java.lang.invoke.DirectMethodHandle$Holder.invokeSpecial(java.lang.Object, java.lang.Object, int, java.lang.Object, int)'> (0x0000000713c42228) 
thrown [s\open\src\hotspot\share\interpreter\linkResolver.cpp, line 805]
Event: 2.436 Thread 0x000001f1424eef90 Exception <a 'java/lang/NoSuchMethodError'{0x0000000713c525a0}: 'java.lang.Object java.lang.invoke.DelegatingMethodHandle$Holder.reinvoke_L(java.lang.Object, java.lang.Object, int, java.lang.Object, int)'> (0x0000000713c525a0) 
thrown [s\open\src\hotspot\share\interpreter\linkResolver.cpp, line 805]
Event: 5.583 Thread 0x000001f142b58130 Exception <a 'java/lang/InterruptedException'{0x000000071472b078}: sleep interrupted> (0x000000071472b078) 
thrown [s\open\src\hotspot\share\prims\jvm.cpp, line 2955]
Event: 9.129 Thread 0x000001f142242910 Implicit null exception at 0x000001f130999dd9 to 0x000001f13099aa64
Event: 9.136 Thread 0x000001f142242910 Exception <a 'java/lang/NoSuchMethodError'{0x00000007138ada88}: 'void java.lang.invoke.DirectMethodHandle$Holder.invokeStaticInit(java.lang.Object)'> (0x00000007138ada88) 
thrown [s\open\src\hotspot\share\interpreter\linkResolver.cpp, line 805]
Event: 9.140 Thread 0x000001f142242910 Exception <a 'java/lang/NoSuchMethodError'{0x000000071390c3c8}: 'java.lang.Object java.lang.invoke.DirectMethodHandle$Holder.newInvokeSpecial(java.lang.Object, java.lang.Object, java.lang.Object, java.lang.Object, java.lang.Object)'> (0x000000071390c3c8) 
thrown [s\open\src\hotspot\share\interpreter\linkResolver.cpp, line 805]
Event: 9.160 Thread 0x000001f142242910 Exception <a 'java/lang/NoSuchMethodError'{0x00000007136a12f0}: 'int java.lang.invoke.DirectMethodHandle$Holder.invokeStatic(java.lang.Object, java.lang.Object, java.lang.Object, java.lang.Object)'> (0x00000007136a12f0) 
thrown [s\open\src\hotspot\share\interpreter\linkResolver.cpp, line 805]
Event: 9.213 Thread 0x000001f142242910 Exception <a 'java/lang/NoSuchMethodError'{0x00000007133b06b8}: 'void java.lang.invoke.DirectMethodHandle$Holder.invokeSpecial(java.lang.Object, java.lang.Object, int)'> (0x00000007133b06b8) 
thrown [s\open\src\hotspot\share\interpreter\linkResolver.cpp, line 805]
Event: 9.214 Thread 0x000001f142242910 Exception <a 'java/lang/NoSuchMethodError'{0x00000007133b82d8}: 'void java.lang.invoke.Invokers$Holder.invokeExact_MT(java.lang.Object, int, java.lang.Object)'> (0x00000007133b82d8) 
thrown [s\open\src\hotspot\share\interpreter\linkResolver.cpp, line 805]
Event: 9.216 Thread 0x000001f142242910 Exception <a 'java/lang/NoSuchMethodError'{0x00000007133d2ab8}: 'void java.lang.invoke.DirectMethodHandle$Holder.invokeStatic(java.lang.Object, java.lang.Object, int)'> (0x00000007133d2ab8) 
thrown [s\open\src\hotspot\share\interpreter\linkResolver.cpp, line 805]
Event: 9.216 Thread 0x000001f142242910 Exception <a 'java/lang/NoSuchMethodError'{0x00000007133e19c0}: 'java.lang.Object java.lang.invoke.DirectMethodHandle$Holder.newInvokeSpecial(java.lang.Object, java.lang.Object, int)'> (0x00000007133e19c0) 
thrown [s\open\src\hotspot\share\interpreter\linkResolver.cpp, line 805]
Event: 9.219 Thread 0x000001f142242910 Exception <a 'sun/nio/fs/WindowsException'{0x000000071302a638}> (0x000000071302a638) 
thrown [s\open\src\hotspot\share\prims\jni.cpp, line 518]
Event: 9.220 Thread 0x000001f142242910 Exception <a 'sun/nio/fs/WindowsException'{0x0000000713037410}> (0x0000000713037410) 
thrown [s\open\src\hotspot\share\prims\jni.cpp, line 518]
Event: 9.222 Thread 0x000001f142242910 Exception <a 'sun/nio/fs/WindowsException'{0x00000007130491c8}> (0x00000007130491c8) 
thrown [s\open\src\hotspot\share\prims\jni.cpp, line 518]

VM Operations (20 events):
Event: 0.038 Executing VM operation: HandshakeAllThreads (Deoptimize)
Event: 0.039 Executing VM operation: HandshakeAllThreads (Deoptimize) done
Event: 0.113 Executing VM operation: HandshakeAllThreads (Deoptimize)
Event: 0.113 Executing VM operation: HandshakeAllThreads (Deoptimize) done
Event: 0.123 Executing VM operation: HandshakeAllThreads (Deoptimize)
Event: 0.123 Executing VM operation: HandshakeAllThreads (Deoptimize) done
Event: 0.250 Executing VM operation: HandshakeAllThreads (Deoptimize)
Event: 0.250 Executing VM operation: HandshakeAllThreads (Deoptimize) done
Event: 0.253 Executing VM operation: HandshakeAllThreads (Deoptimize)
Event: 0.253 Executing VM operation: HandshakeAllThreads (Deoptimize) done
Event: 0.301 Executing VM operation: HandshakeAllThreads (Deoptimize)
Event: 0.301 Executing VM operation: HandshakeAllThreads (Deoptimize) done
Event: 0.332 Executing VM operation: HandshakeAllThreads (Deoptimize)
Event: 0.332 Executing VM operation: HandshakeAllThreads (Deoptimize) done
Event: 2.433 Executing VM operation: HandshakeAllThreads (Deoptimize)
Event: 2.433 Executing VM operation: HandshakeAllThreads (Deoptimize) done
Event: 9.217 Executing VM operation: HandshakeAllThreads (Deoptimize)
Event: 9.217 Executing VM operation: HandshakeAllThreads (Deoptimize) done
Event: 9.233 Executing VM operation: JFRSafepointClear
Event: 9.233 Executing VM operation: JFRSafepointClear done

Memory protections (0 events):
No events

Nmethod flushes (0 events):
No events

Events (20 events):
Event: 2.618 Thread 0x000001f142b17db0 Thread exited: 0x000001f142b17db0
Event: 3.108 Thread 0x000001f142b9dc20 Thread exited: 0x000001f142b9dc20
Event: 3.969 Thread 0x000001f142b9f210 Thread exited: 0x000001f142b9f210
Event: 4.652 Thread 0x000001f142939b60 Thread exited: 0x000001f142939b60
Event: 5.583 Thread 0x000001f142b9f960 Thread exited: 0x000001f142b9f960
Event: 5.584 Thread 0x000001f142b58130 Thread exited: 0x000001f142b58130
Event: 5.584 Thread 0x000001f11ec6cb90 Thread exited: 0x000001f11ec6cb90
Event: 5.584 Thread 0x000001f142b9f210 Thread added: 0x000001f142b9f210
Event: 6.661 Thread 0x000001f14261e0d0 Thread exited: 0x000001f14261e0d0
Event: 6.661 Thread 0x000001f1423be7f0 Thread exited: 0x000001f1423be7f0
Event: 7.465 Thread 0x000001f14154dcc0 Thread exited: 0x000001f14154dcc0
Event: 9.120 Thread 0x000001f142249e70 Thread added: 0x000001f142939330
Event: 9.130 Thread 0x000001f142249e70 Thread added: 0x000001f142b9ba20
Event: 9.134 Thread 0x000001f142242910 Thread added: 0x000001f142b9dc20
Event: 9.137 Thread 0x000001f142b9ba20 Thread added: 0x000001f188955610
Event: 9.137 Thread 0x000001f142b9ba20 Thread added: 0x000001f18a6bb200
Event: 9.137 Thread 0x000001f142b9ba20 Thread added: 0x000001f1886abf30
Event: 9.164 Thread 0x000001f18a6bb200 Thread added: 0x000001f188912fe0
Event: 9.164 Thread 0x000001f18a6bb200 Thread added: 0x000001f188917b90
Event: 9.217 Thread 0x000001f142242910 Thread added: 0x000001f1426e0f50


Dynamic libraries:
0x00007ff72ec60000 - 0x00007ff72ec70000 	C:\Program Files\Java\jdk-24\bin\java.exe
0x00007ff9b33e0000 - 0x00007ff9b3649000 	C:\Windows\SYSTEM32\ntdll.dll
0x00007ff9b1820000 - 0x00007ff9b18e9000 	C:\Windows\System32\KERNEL32.DLL
0x00007ff9b06a0000 - 0x00007ff9b0a93000 	C:\Windows\System32\KERNELBASE.dll
0x00007ff9b0ad0000 - 0x00007ff9b0c1b000 	C:\Windows\System32\ucrtbase.dll
0x00007ff9a4eb0000 - 0x00007ff9a4ec6000 	C:\Program Files\Java\jdk-24\bin\jli.dll
0x00007ff9a4e90000 - 0x00007ff9a4eab000 	C:\Program Files\Java\jdk-24\bin\VCRUNTIME140.dll
0x00007ff9b1980000 - 0x00007ff9b1b44000 	C:\Windows\System32\USER32.dll
0x00007ff9b0aa0000 - 0x00007ff9b0ac7000 	C:\Windows\System32\win32u.dll
0x00007ff996af0000 - 0x00007ff996d83000 	C:\Windows\WinSxS\amd64_microsoft.windows.common-controls_6595b64144ccf1df_6.0.26100.5074_none_3e0d6f78e32fd63f\COMCTL32.dll
0x00007ff9b1ce0000 - 0x00007ff9b1d0b000 	C:\Windows\System32\GDI32.dll
0x00007ff9b1230000 - 0x00007ff9b12d9000 	C:\Windows\System32\msvcrt.dll
0x00007ff9b0570000 - 0x00007ff9b069d000 	C:\Windows\System32\gdi32full.dll
0x00007ff9b0d70000 - 0x00007ff9b0e13000 	C:\Windows\System32\msvcp_win.dll
0x00007ff9b3240000 - 0x00007ff9b326f000 	C:\Windows\System32\IMM32.DLL
0x00007ff9acc00000 - 0x00007ff9acc0c000 	C:\Program Files\Java\jdk-24\bin\vcruntime140_1.dll
0x00007ff9619f0000 - 0x00007ff961a7e000 	C:\Program Files\Java\jdk-24\bin\msvcp140.dll
0x00007ff8ff770000 - 0x00007ff900512000 	C:\Program Files\Java\jdk-24\bin\server\jvm.dll
0x00007ff9b12e0000 - 0x00007ff9b1394000 	C:\Windows\System32\ADVAPI32.dll
0x00007ff9b2160000 - 0x00007ff9b2206000 	C:\Windows\System32\sechost.dll
0x00007ff9b1b60000 - 0x00007ff9b1c78000 	C:\Windows\System32\RPCRT4.dll
0x00007ff9b11b0000 - 0x00007ff9b1224000 	C:\Windows\System32\WS2_32.dll
0x00007ff9af170000 - 0x00007ff9af1ce000 	C:\Windows\SYSTEM32\POWRPROF.dll
0x00007ff9a6910000 - 0x00007ff9a691b000 	C:\Windows\SYSTEM32\VERSION.dll
0x00007ff9a3130000 - 0x00007ff9a3165000 	C:\Windows\SYSTEM32\WINMM.dll
0x00007ff9af150000 - 0x00007ff9af164000 	C:\Windows\SYSTEM32\UMPDC.dll
0x00007ff9af390000 - 0x00007ff9af3ab000 	C:\Windows\SYSTEM32\kernel.appcore.dll
0x00007ff998a50000 - 0x00007ff998a5a000 	C:\Program Files\Java\jdk-24\bin\jimage.dll
0x00007ff9add90000 - 0x00007ff9adfd2000 	C:\Windows\SYSTEM32\DBGHELP.DLL
0x00007ff9b14a0000 - 0x00007ff9b181b000 	C:\Windows\System32\combase.dll
0x00007ff9b2080000 - 0x00007ff9b2157000 	C:\Windows\System32\OLEAUT32.dll
0x00007ff97cee0000 - 0x00007ff97cf1d000 	C:\Windows\SYSTEM32\dbgcore.DLL
0x00007ff9b1110000 - 0x00007ff9b11a9000 	C:\Windows\System32\bcryptPrimitives.dll
0x00007ff998a40000 - 0x00007ff998a4f000 	C:\Program Files\Java\jdk-24\bin\instrument.dll
0x00007ff98ea40000 - 0x00007ff98ea5e000 	C:\Program Files\Java\jdk-24\bin\java.dll
0x00007ff9b1d10000 - 0x00007ff9b1ea8000 	C:\Windows\System32\ole32.dll
0x00007ff9b2250000 - 0x00007ff9b299d000 	C:\Windows\System32\SHELL32.dll
0x00007ff9b0fa0000 - 0x00007ff9b110c000 	C:\Windows\System32\wintypes.dll
0x00007ff9ae1b0000 - 0x00007ff9aea09000 	C:\Windows\SYSTEM32\windows.storage.dll
0x00007ff9b13a0000 - 0x00007ff9b1490000 	C:\Windows\System32\SHCORE.dll
0x00007ff9b2ff0000 - 0x00007ff9b3052000 	C:\Windows\System32\shlwapi.dll
0x00007ff9b0490000 - 0x00007ff9b04b9000 	C:\Windows\SYSTEM32\profapi.dll
0x00007ff95bc50000 - 0x00007ff95bd27000 	C:\Program Files\Java\jdk-24\bin\jsvml.dll
0x00007ff972d40000 - 0x00007ff972d57000 	C:\Program Files\Java\jdk-24\bin\zip.dll
0x00007ff97d680000 - 0x00007ff97d690000 	C:\Program Files\Java\jdk-24\bin\net.dll
0x00007ff9af9a0000 - 0x00007ff9afa0b000 	C:\Windows\system32\mswsock.dll
0x00007ff972d60000 - 0x00007ff972d76000 	C:\Program Files\Java\jdk-24\bin\nio.dll
0x00007ff97d550000 - 0x00007ff97d559000 	C:\Program Files\Java\jdk-24\bin\extnet.dll
0x00007ff9aee90000 - 0x00007ff9aefb6000 	C:\Windows\SYSTEM32\DNSAPI.dll
0x00007ff9aeda0000 - 0x00007ff9aedd4000 	C:\Windows\SYSTEM32\IPHLPAPI.DLL
0x00007ff9b2070000 - 0x00007ff9b207a000 	C:\Windows\System32\NSI.dll
0x00007ff9a8d30000 - 0x00007ff9a8d3b000 	C:\Windows\System32\rasadhlp.dll
0x00007ff9aa110000 - 0x00007ff9aa196000 	C:\Windows\System32\fwpuclnt.dll
0x00007ff97d200000 - 0x00007ff97d20a000 	C:\Program Files\Java\jdk-24\bin\management.dll
0x00007ff97c8e0000 - 0x00007ff97c8eb000 	C:\Program Files\Java\jdk-24\bin\management_ext.dll
0x00007ff9b2210000 - 0x00007ff9b2218000 	C:\Windows\System32\PSAPI.DLL
0x00007ff9afc10000 - 0x00007ff9afc2b000 	C:\Windows\SYSTEM32\CRYPTSP.dll
0x00007ff9af3b0000 - 0x00007ff9af3eb000 	C:\Windows\system32\rsaenh.dll
0x00007ff9afa40000 - 0x00007ff9afa6b000 	C:\Windows\SYSTEM32\USERENV.dll
0x00007ff9b0460000 - 0x00007ff9b0486000 	C:\Windows\SYSTEM32\bcrypt.dll
0x00007ff9afc30000 - 0x00007ff9afc3c000 	C:\Windows\SYSTEM32\CRYPTBASE.dll
0x00007ff9898f0000 - 0x00007ff989908000 	C:\Windows\system32\napinsp.dll
0x00007ff9898d0000 - 0x00007ff9898e2000 	C:\Windows\System32\winrnr.dll
0x00007ff9898a0000 - 0x00007ff9898c8000 	C:\Windows\system32\nlansp_c.dll
0x00007ff9a6b20000 - 0x00007ff9a6b36000 	C:\Windows\system32\wshbth.dll
0x00007ff997e90000 - 0x00007ff997ee6000 	C:\Windows\SYSTEM32\pdh.dll
0x00007ff9628e0000 - 0x00007ff9628f2000 	C:\Windows\System32\perfproc.dll
0x00007ff9945b0000 - 0x00007ff9945c1000 	C:\Windows\System32\perfos.dll
0x00007ff9aea30000 - 0x00007ff9aea42000 	C:\Windows\SYSTEM32\pfclient.dll
0x00007ff93efa0000 - 0x00007ff93f1ae000 	C:\Users\jesus\AppData\Local\Temp\idea_libasyncProfiler_dll_temp_folder5\libasyncProfiler.dll

JVMTI agents:
C:\Program Files\JetBrains\IntelliJ IDEA 2024.3.5\lib\idea_rt.jar path:C:\Program Files\Java\jdk-24\bin\instrument.dll, loaded, initialized, instrumentlib options:59985

dbghelp: loaded successfully - version: 4.0.5 - missing functions: none
symbol engine: initialized successfully - sym options: 0x614 - pdb path: .;C:\Program Files\Java\jdk-24\bin;C:\Windows\SYSTEM32;C:\Windows\WinSxS\amd64_microsoft.windows.common-controls_6595b64144ccf1df_6.0.26100.5074_none_3e0d6f78e32fd63f;C:\Program Files\Java\jdk-24\bin\server;C:\Users\jesus\AppData\Local\Temp\idea_libasyncProfiler_dll_temp_folder5

VM Arguments:
jvm_args: -javaagent:C:\Program Files\JetBrains\IntelliJ IDEA 2024.3.5\lib\idea_rt.jar=59985 -Dfile.encoding=UTF-8 -Dsun.stdout.encoding=UTF-8 -Dsun.stderr.encoding=UTF-8 
java_command: org.example.Main
java_class_path (initial): C:\Files\Cursos\CursoJava\Sistemas_Distribuidos\practica1_Threads\target\classes
Launcher Type: SUN_STANDARD

[Global flags]
     intx CICompilerCount                          = 15                                        {product} {ergonomic}
     uint ConcGCThreads                            = 6                                         {product} {ergonomic}
     bool FlightRecorder                           = true                                      {product} {management}
     uint G1ConcRefinementThreads                  = 23                                        {product} {ergonomic}
   size_t G1HeapRegionSize                         = 2097152                                   {product} {ergonomic}
   size_t InitialHeapSize                          = 264241152                                 {product} {ergonomic}
   size_t MarkStackSize                            = 4194304                                   {product} {ergonomic}
   size_t MarkStackSizeMax                         = 536870912                                 {product} {ergonomic}
   size_t MaxHeapSize                              = 4196401152                                {product} {ergonomic}
   size_t MaxNewSize                               = 2516582400                                {product} {ergonomic}
   size_t MinHeapDeltaBytes                        = 2097152                                   {product} {ergonomic}
   size_t MinHeapSize                              = 8388608                                   {product} {ergonomic}
    uintx NonNMethodCodeHeapSize                   = 8192000                                {pd product} {ergonomic}
    uintx NonProfiledCodeHeapSize                  = 121765888                              {pd product} {ergonomic}
    uintx ProfiledCodeHeapSize                     = 121700352                              {pd product} {ergonomic}
    uintx ReservedCodeCacheSize                    = 251658240                              {pd product} {ergonomic}
     bool SegmentedCodeCache                       = true                                      {product} {ergonomic}
   size_t SoftMaxHeapSize                          = 4196401152                             {manageable} {ergonomic}
     bool UseCompressedOops                        = true                           {product lp64_product} {ergonomic}
     bool UseG1GC                                  = true                                      {product} {ergonomic}
     bool UseLargePagesIndividualAllocation        = false                                  {pd product} {ergonomic}

Logging:
Log output configuration:
 #0: stdout all=warning uptime,level,tags foldmultilines=false
 #1: stderr all=off uptime,level,tags foldmultilines=false

Environment Variables:
JAVA_HOME=C:\Program Files\Java\jdk-24
PATH=C:\Program Files\Common Files\Oracle\Java\javapath;C:\Windows\system32;C:\Windows;C:\Windows\System32\Wbem;C:\Windows\System32\WindowsPowerShell\v1.0\;C:\Windows\System32\OpenSSH\;C:\Program Files (x86)\NVIDIA Corporation\PhysX\Common;C:\Program Files\dotnet\;C:\Program Files\Git\cmd;C:\Program Files\Java\jdk-24\bin;C:\Users\jesus\AppData\Roaming\Microsoft\Windows\Start Menu\Programs\Python 3.13;C:\Users\jesus\anaconda3\condabin;C:\ProgramData\chocolatey\bin;C:\Files\programs_exe\prometheus-3.5.0.windows-amd64;C:\Program Files\GrafanaLabs\grafana\bin;C:\Program Files\nodejs\;C:\Program Files\NVIDIA Corporation\NVIDIA App\NvDLISR;C:\Users\jesus\AppData\Local\Programs\Python\Launcher\;C:\Users\jesus\AppData\Local\Microsoft\WindowsApps;;C:\Program Files\JetBrains\IntelliJ IDEA 2024.3.5\bin;;C:\Users\jesus\AppData\Local\Programs\Microsoft VS Code\bin;C:\ProgramData\mingw64\mingw64\bin;C:\Program Files (x86)\Nmap;C:\Users\jesus\AppData\Roaming\npm
USERNAME=jesus
OS=Windows_NT
PROCESSOR_IDENTIFIER=Intel64 Family 6 Model 183 Stepping 1, GenuineIntel
TMP=C:\Users\jesus\AppData\Local\Temp
TEMP=C:\Users\jesus\AppData\Local\Temp




Periodic native trim disabled

---------------  S Y S T E M  ---------------

OS:
 Windows 11 , 64 bit Build 26100 (10.0.26100.5074)
OS uptime: 0 days 22:52 hours
Hyper-V role detected

CPU: total 32 (initial active 32) (16 cores per cpu, 2 threads per core) family 6 model 183 stepping 1 microcode 0x12b, cx8, cmov, fxsr, ht, mmx, 3dnowpref, sse, sse2, sse3, ssse3, sse4.1, sse4.2, popcnt, lzcnt, tsc, tscinvbit, avx, avx2, aes, erms, clmul, bmi1, bmi2, adx, sha, fma, vzeroupper, clflush, clflushopt, clwb, hv, serialize, rdtscp, rdpid, fsrm, gfni, f16c, cet_ibt, cet_ss
Processor Information for processor 0
  Max Mhz: 2200, Current Mhz: 2200, Mhz Limit: 2200
Processor Information for processor 1
  Max Mhz: 2200, Current Mhz: 2200, Mhz Limit: 2200
Processor Information for processor 2
  Max Mhz: 2200, Current Mhz: 2200, Mhz Limit: 2200
Processor Information for processor 3
  Max Mhz: 2200, Current Mhz: 2200, Mhz Limit: 2200
Processor Information for processor 4
  Max Mhz: 2200, Current Mhz: 2200, Mhz Limit: 2200
Processor Information for processor 5
  Max Mhz: 2200, Current Mhz: 2200, Mhz Limit: 2200
Processor Information for processor 6
  Max Mhz: 2200, Current Mhz: 2200, Mhz Limit: 2200
Processor Information for processor 7
  Max Mhz: 2200, Current Mhz: 2200, Mhz Limit: 2200
Processor Information for processor 8
  Max Mhz: 2200, Current Mhz: 2200, Mhz Limit: 2200
Processor Information for processor 9
  Max Mhz: 2200, Current Mhz: 2200, Mhz Limit: 2200
Processor Information for processor 10
  Max Mhz: 2200, Current Mhz: 2200, Mhz Limit: 2200
Processor Information for processor 11
  Max Mhz: 2200, Current Mhz: 2200, Mhz Limit: 2200
Processor Information for processor 12
  Max Mhz: 2200, Current Mhz: 2200, Mhz Limit: 2200
Processor Information for processor 13
  Max Mhz: 2200, Current Mhz: 2200, Mhz Limit: 2200
Processor Information for processor 14
  Max Mhz: 2200, Current Mhz: 2200, Mhz Limit: 2200
Processor Information for processor 15
  Max Mhz: 2200, Current Mhz: 2200, Mhz Limit: 2200
Processor Information for processor 16
  Max Mhz: 2200, Current Mhz: 1600, Mhz Limit: 1584
Processor Information for processor 17
  Max Mhz: 2200, Current Mhz: 1600, Mhz Limit: 1584
Processor Information for processor 18
  Max Mhz: 2200, Current Mhz: 1600, Mhz Limit: 1584
Processor Information for processor 19
  Max Mhz: 2200, Current Mhz: 1600, Mhz Limit: 1584
Processor Information for processor 20
  Max Mhz: 2200, Current Mhz: 1600, Mhz Limit: 1584
Processor Information for processor 21
  Max Mhz: 2200, Current Mhz: 1600, Mhz Limit: 1584
Processor Information for processor 22
  Max Mhz: 2200, Current Mhz: 1600, Mhz Limit: 1584
Processor Information for processor 23
  Max Mhz: 2200, Current Mhz: 1600, Mhz Limit: 1584
Processor Information for processor 24
  Max Mhz: 2200, Current Mhz: 1600, Mhz Limit: 1584
Processor Information for processor 25
  Max Mhz: 2200, Current Mhz: 1600, Mhz Limit: 1584
Processor Information for processor 26
  Max Mhz: 2200, Current Mhz: 1600, Mhz Limit: 1584
Processor Information for processor 27
  Max Mhz: 2200, Current Mhz: 1600, Mhz Limit: 1584
Processor Information for processor 28
  Max Mhz: 2200, Current Mhz: 1600, Mhz Limit: 1584
Processor Information for processor 29
  Max Mhz: 2200, Current Mhz: 1600, Mhz Limit: 1584
Processor Information for processor 30
  Max Mhz: 2200, Current Mhz: 1600, Mhz Limit: 1584
Processor Information for processor 31
  Max Mhz: 2200, Current Mhz: 1600, Mhz Limit: 1584

Memory: 4k page, system-wide physical 16002M (2131M free)
TotalPageFile size 28290M (AvailPageFile size 12099M)
current process WorkingSet (physical memory assigned to process): 114M, peak: 120M
current process commit charge ("private bytes"): 438M, peak: 452M

vm_info: Java HotSpot(TM) 64-Bit Server VM (24.0.1+9-30) for windows-amd64 JRE (24.0.1+9-30), built on 2025-03-05T07:23:45Z with MS VC++ 17.6 (VS2022)

END.
